2025-10-02 19:40:34,065 - INFO - \u2705 Метрики рассчитаны для 88 регионов
2025-10-02 19:54:55,006 - INFO - \u2705 Метрики рассчитаны для 88 регионов
2025-10-02 20:06:27,775 - INFO - \u2705 Метрики рассчитаны для 88 регионов
2025-10-02 20:08:15,730 - INFO - Распаковка ZIP архива в: C:\Users\Dud\AppData\Local\Temp\tmpy3q7jym3
2025-10-02 20:08:15,993 - INFO - ZIP архив успешно распакован
2025-10-02 20:08:15,993 - INFO - Найден shapefile: C:\Users\Dud\AppData\Local\Temp\tmpy3q7jym3\russia_data\boundary.shp
2025-10-02 20:08:15,993 - INFO - Обрабатывается shapefile: boundary.shp
2025-10-02 20:08:15,994 - INFO - Попытка загрузки с кодировкой: utf-8
2025-10-02 20:08:16,452 - INFO - Найден столбец с названиями: 'name' (кодировка: utf-8)
2025-10-02 20:08:16,485 - INFO - Установлен CRS: EPSG:4326
2025-10-02 20:08:17,425 - INFO - Создан GeoJSON с 88 регионами
2025-10-02 20:08:17,425 - INFO - Примеры регионов:
2025-10-02 20:08:17,425 - INFO -    1. Сумска
2025-10-02 20:08:17,425 - INFO -    2. Камчатский край
2025-10-02 20:08:17,425 - INFO -    3. Мурманская область
2025-10-02 20:08:17,425 - INFO -    4. Пермский край
2025-10-02 20:08:17,425 - INFO -    5. Свердловская область
2025-10-02 20:08:21,785 - INFO - \u2705 GeoJSON сохранен/перезаписан как: uploads\russia_regions.geojson
2025-10-02 20:08:21,896 - INFO - Таблица уже существует
2025-10-02 20:08:21,945 - ERROR - \u274c Ошибка загрузки в базу: (psycopg2.errors.FeatureNotSupported) ОШИБКА:  опустошить таблицу, на которую ссылается внешний ключ, нельзя
DETAIL:  Таблица "region_basic_metrics" ссылается на "russia_regions".
HINT:  Опустошите таблицу "region_basic_metrics" параллельно или используйте TRUNCATE ... CASCADE.

[SQL: TRUNCATE TABLE russia_regions RESTART IDENTITY;]
(Background on this error at: https://sqlalche.me/e/20/tw8g)
2025-10-02 20:08:23,154 - INFO - Начало обработки GeoJSON данных
2025-10-02 20:08:24,243 - INFO - Загружено 88 регионов из GeoJSON
2025-10-02 20:08:24,243 - INFO - Используется поле для названий регионов: region
2025-10-02 20:08:24,243 - INFO - Установлена система координат EPSG:4326
2025-10-02 20:08:24,601 - INFO - Переведено в EPSG:32646
2025-10-02 20:08:24,608 - INFO - Вычислена площадь регионов
2025-10-02 20:08:24,619 - INFO - Удалено 1 полигонов с площадью <= 100000000.0
2025-10-02 20:08:24,620 - INFO - Удалено 1 полигонов с площадью <= 100000000.0
2025-10-02 20:08:24,621 - INFO - Удалено 1 полигонов с площадью <= 100000000.0
2025-10-02 20:08:24,621 - INFO - Удалено 1 полигонов с площадью <= 100000000.0
2025-10-02 20:08:24,621 - INFO - Удалено 3 полигонов с площадью <= 100000000.0
2025-10-02 20:08:24,621 - INFO - Удалено 1 полигонов с площадью <= 100000000.0
2025-10-02 20:08:24,623 - INFO - Удалено 8 полигонов с площадью <= 100000000.0
2025-10-02 20:08:24,623 - INFO - Удалено 2 полигонов с площадью <= 100000000.0
2025-10-02 20:08:24,623 - INFO - Удалено 1 полигонов с площадью <= 100000000.0
2025-10-02 20:08:24,624 - INFO - Удалено 3 полигонов с площадью <= 100000000.0
2025-10-02 20:08:24,624 - INFO - Удалено 1 полигонов с площадью <= 100000000.0
2025-10-02 20:08:24,624 - INFO - Удалено 1 полигонов с площадью <= 100000000.0
2025-10-02 20:08:24,625 - INFO - Удалено 9 полигонов с площадью <= 100000000.0
2025-10-02 20:08:24,626 - INFO - Удалено 2 полигонов с площадью <= 100000000.0
2025-10-02 20:08:24,626 - INFO - Удалено 1 полигонов с площадью <= 100000000.0
2025-10-02 20:08:24,626 - INFO - Удалено 4 полигонов с площадью <= 100000000.0
2025-10-02 20:08:24,629 - INFO - Удалено 2 полигонов с площадью <= 100000000.0
2025-10-02 20:08:24,634 - INFO - Мелкие полигоны удалены
2025-10-02 20:08:26,423 - INFO - Геометрия упрощена с допуском 500
2025-10-02 20:08:26,423 - INFO - Начало объединения границ
2025-10-02 20:08:38,631 - INFO - Границы объединены
2025-10-02 20:08:38,675 - INFO - Регионы отсортированы
2025-10-02 20:08:38,744 - INFO - Геометрии преобразованы в x, y
2025-10-02 20:08:40,647 - INFO - Карта успешно создана
2025-10-02 20:08:41,051 - INFO - Карта сохранена в кэш: 4220f9e7bed0319de295e26d0d3dcefa
2025-10-02 20:08:43,926 - INFO - Загружена последняя карта из кэша
2025-10-02 20:14:57,891 - INFO - \u2705 Подключение к БД успешно.
2025-10-02 20:14:57,939 - INFO - \U0001f504 Схема изменилась — пересоздаём таблицу...
2025-10-02 20:14:58,014 - INFO - \u2705 Таблица 'flights' пересоздана.
2025-10-02 20:15:08,176 - INFO - \u2705 Файл Excel загружен: 76902 записей
2025-10-02 20:15:08,176 - INFO - \u26a0\ufe0f  Столбец 'Центр ЕС ОрВД' не распознан, будет пропущен.
2025-10-02 20:15:08,176 - INFO - 
\U0001f504 Начинаем обработку 76902 записей...
2025-10-02 20:15:08,940 - INFO - \U0001f4ca Обработано 1000 записей...
2025-10-02 20:15:09,552 - INFO - \U0001f4ca Обработано 2000 записей...
2025-10-02 20:15:10,208 - INFO - \U0001f4ca Обработано 3000 записей...
2025-10-02 20:15:10,862 - INFO - \U0001f4ca Обработано 4000 записей...
2025-10-02 20:15:11,524 - INFO - \U0001f4ca Обработано 5000 записей...
2025-10-02 20:15:12,196 - INFO - \U0001f4ca Обработано 6000 записей...
2025-10-02 20:15:12,854 - INFO - \U0001f4ca Обработано 7000 записей...
2025-10-02 20:15:13,481 - INFO - \U0001f4ca Обработано 8000 записей...
2025-10-02 20:15:14,119 - INFO - \U0001f4ca Обработано 9000 записей...
2025-10-02 20:15:14,799 - INFO - \U0001f4ca Обработано 10000 записей...
2025-10-02 20:15:15,448 - INFO - \U0001f4ca Обработано 11000 записей...
2025-10-02 20:15:16,075 - INFO - \U0001f4ca Обработано 12000 записей...
2025-10-02 20:15:16,672 - INFO - \U0001f4ca Обработано 13000 записей...
2025-10-02 20:15:17,283 - INFO - \U0001f4ca Обработано 14000 записей...
2025-10-02 20:15:17,944 - INFO - \U0001f4ca Обработано 15000 записей...
2025-10-02 20:15:18,655 - INFO - \U0001f4ca Обработано 16000 записей...
2025-10-02 20:15:19,327 - INFO - \U0001f4ca Обработано 17000 записей...
2025-10-02 20:15:19,948 - INFO - \U0001f4ca Обработано 18000 записей...
2025-10-02 20:15:20,616 - INFO - \U0001f4ca Обработано 19000 записей...
2025-10-02 20:15:21,305 - INFO - \U0001f4ca Обработано 20000 записей...
2025-10-02 20:15:21,983 - INFO - \U0001f4ca Обработано 21000 записей...
2025-10-02 20:15:22,616 - INFO - \U0001f4ca Обработано 22000 записей...
2025-10-02 20:15:23,197 - INFO - \U0001f4ca Обработано 23000 записей...
2025-10-02 20:15:23,842 - INFO - \U0001f4ca Обработано 24000 записей...
2025-10-02 20:15:25,482 - INFO - \U0001f4ca Обработано 25000 записей...
2025-10-02 20:15:26,956 - INFO - \U0001f4ca Обработано 26000 записей...
2025-10-02 20:15:28,214 - INFO - \U0001f4ca Обработано 27000 записей...
2025-10-02 20:15:28,892 - INFO - \U0001f4ca Обработано 28000 записей...
2025-10-02 20:15:29,544 - INFO - \U0001f4ca Обработано 29000 записей...
2025-10-02 20:15:30,218 - INFO - \U0001f4ca Обработано 30000 записей...
2025-10-02 20:15:30,890 - INFO - \U0001f4ca Обработано 31000 записей...
2025-10-02 20:15:31,563 - INFO - \U0001f4ca Обработано 32000 записей...
2025-10-02 20:15:32,236 - INFO - \U0001f4ca Обработано 33000 записей...
2025-10-02 20:15:32,913 - INFO - \U0001f4ca Обработано 34000 записей...
2025-10-02 20:15:33,592 - INFO - \U0001f4ca Обработано 35000 записей...
2025-10-02 20:15:34,265 - INFO - \U0001f4ca Обработано 36000 записей...
2025-10-02 20:15:34,942 - INFO - \U0001f4ca Обработано 37000 записей...
2025-10-02 20:15:35,945 - INFO - \U0001f4ca Обработано 38000 записей...
2025-10-02 20:15:36,696 - INFO - \U0001f4ca Обработано 39000 записей...
2025-10-02 20:15:37,597 - INFO - \U0001f4ca Обработано 40000 записей...
2025-10-02 20:15:38,434 - INFO - \U0001f4ca Обработано 41000 записей...
2025-10-02 20:15:39,355 - INFO - \U0001f4ca Обработано 42000 записей...
2025-10-02 20:15:40,096 - INFO - \U0001f4ca Обработано 43000 записей...
2025-10-02 20:15:40,820 - INFO - \U0001f4ca Обработано 44000 записей...
2025-10-02 20:15:41,489 - INFO - \U0001f4ca Обработано 45000 записей...
2025-10-02 20:15:42,166 - INFO - \U0001f4ca Обработано 46000 записей...
2025-10-02 20:15:42,910 - INFO - \U0001f4ca Обработано 47000 записей...
2025-10-02 20:15:43,594 - INFO - \U0001f4ca Обработано 48000 записей...
2025-10-02 20:15:44,334 - INFO - \U0001f4ca Обработано 49000 записей...
2025-10-02 20:15:45,057 - INFO - \U0001f4ca Обработано 50000 записей...
2025-10-02 20:15:45,800 - INFO - \U0001f4ca Обработано 51000 записей...
2025-10-02 20:15:46,471 - INFO - \U0001f4ca Обработано 52000 записей...
2025-10-02 20:15:47,127 - INFO - \U0001f4ca Обработано 53000 записей...
2025-10-02 20:15:47,802 - INFO - \U0001f4ca Обработано 54000 записей...
2025-10-02 20:15:48,526 - INFO - \U0001f4ca Обработано 55000 записей...
2025-10-02 20:15:49,216 - INFO - \U0001f4ca Обработано 56000 записей...
2025-10-02 20:15:49,890 - INFO - \U0001f4ca Обработано 57000 записей...
2025-10-02 20:15:50,556 - INFO - \U0001f4ca Обработано 58000 записей...
2025-10-02 20:15:51,270 - INFO - \U0001f4ca Обработано 59000 записей...
2025-10-02 20:15:51,967 - INFO - \U0001f4ca Обработано 60000 записей...
2025-10-02 20:15:52,599 - INFO - \U0001f4ca Обработано 61000 записей...
2025-10-02 20:15:53,239 - INFO - \U0001f4ca Обработано 62000 записей...
2025-10-02 20:15:53,844 - INFO - \U0001f4ca Обработано 63000 записей...
2025-10-02 20:15:54,512 - INFO - \U0001f4ca Обработано 64000 записей...
2025-10-02 20:15:55,189 - INFO - \U0001f4ca Обработано 65000 записей...
2025-10-02 20:15:55,863 - INFO - \U0001f4ca Обработано 66000 записей...
2025-10-02 20:15:56,561 - INFO - \U0001f4ca Обработано 67000 записей...
2025-10-02 20:15:57,258 - INFO - \U0001f4ca Обработано 68000 записей...
2025-10-02 20:15:57,968 - INFO - \U0001f4ca Обработано 69000 записей...
2025-10-02 20:15:58,660 - INFO - \U0001f4ca Обработано 70000 записей...
2025-10-02 20:15:59,377 - INFO - \U0001f4ca Обработано 71000 записей...
2025-10-02 20:16:00,077 - INFO - \U0001f4ca Обработано 72000 записей...
2025-10-02 20:16:00,728 - INFO - \U0001f4ca Обработано 73000 записей...
2025-10-02 20:16:01,329 - INFO - \U0001f4ca Обработано 74000 записей...
2025-10-02 20:16:01,944 - INFO - \U0001f4ca Обработано 75000 записей...
2025-10-02 20:16:02,606 - INFO - \U0001f4ca Обработано 76000 записей...
2025-10-02 20:16:03,146 - INFO - \u2705 Найден GeoJSON файл: uploads\russia_regions.geojson
2025-10-02 20:16:03,146 - INFO - \U0001f30d Определение регионов вылета по координатам (GeoJSON)...
2025-10-02 20:16:11,686 - INFO - \u2705 Загружено 88 регионов из GeoJSON: russia_regions.geojson
2025-10-02 20:16:11,704 - INFO - \U0001f50d Найдено 10000 записей с координатами для обработки...
2025-10-02 20:16:11,798 - INFO - \U0001f4ca Обработано 100 записей...
2025-10-02 20:16:11,871 - INFO - \U0001f4ca Обработано 200 записей...
2025-10-02 20:16:11,941 - INFO - \U0001f4ca Обработано 300 записей...
2025-10-02 20:16:12,019 - INFO - \U0001f4ca Обработано 400 записей...
2025-10-02 20:16:12,091 - INFO - \U0001f4ca Обработано 500 записей...
2025-10-02 20:16:12,162 - INFO - \U0001f4ca Обработано 600 записей...
2025-10-02 20:16:12,236 - INFO - \U0001f4ca Обработано 700 записей...
2025-10-02 20:16:12,306 - INFO - \U0001f4ca Обработано 800 записей...
2025-10-02 20:16:12,379 - INFO - \U0001f4ca Обработано 900 записей...
2025-10-02 20:16:12,448 - INFO - \U0001f4ca Обработано 1000 записей...
2025-10-02 20:16:12,520 - INFO - \U0001f4ca Обработано 1100 записей...
2025-10-02 20:16:12,598 - INFO - \U0001f4ca Обработано 1200 записей...
2025-10-02 20:16:12,682 - INFO - \U0001f4ca Обработано 1300 записей...
2025-10-02 20:16:12,756 - INFO - \U0001f4ca Обработано 1400 записей...
2025-10-02 20:16:12,825 - INFO - \U0001f4ca Обработано 1500 записей...
2025-10-02 20:16:12,896 - INFO - \U0001f4ca Обработано 1600 записей...
2025-10-02 20:16:12,964 - INFO - \U0001f4ca Обработано 1700 записей...
2025-10-02 20:16:13,032 - INFO - \U0001f4ca Обработано 1800 записей...
2025-10-02 20:16:13,099 - INFO - \U0001f4ca Обработано 1900 записей...
2025-10-02 20:16:13,175 - INFO - \U0001f4ca Обработано 2000 записей...
2025-10-02 20:16:13,245 - INFO - \U0001f4ca Обработано 2100 записей...
2025-10-02 20:16:13,326 - INFO - \U0001f4ca Обработано 2200 записей...
2025-10-02 20:16:13,402 - INFO - \U0001f4ca Обработано 2300 записей...
2025-10-02 20:16:13,471 - INFO - \U0001f4ca Обработано 2400 записей...
2025-10-02 20:16:13,558 - INFO - \U0001f4ca Обработано 2500 записей...
2025-10-02 20:16:13,632 - INFO - \U0001f4ca Обработано 2600 записей...
2025-10-02 20:16:13,702 - INFO - \U0001f4ca Обработано 2700 записей...
2025-10-02 20:16:13,772 - INFO - \U0001f4ca Обработано 2800 записей...
2025-10-02 20:16:13,840 - INFO - \U0001f4ca Обработано 2900 записей...
2025-10-02 20:16:13,907 - INFO - \U0001f4ca Обработано 3000 записей...
2025-10-02 20:16:13,979 - INFO - \U0001f4ca Обработано 3100 записей...
2025-10-02 20:16:14,049 - INFO - \U0001f4ca Обработано 3200 записей...
2025-10-02 20:16:14,121 - INFO - \U0001f4ca Обработано 3300 записей...
2025-10-02 20:16:14,189 - INFO - \U0001f4ca Обработано 3400 записей...
2025-10-02 20:16:14,258 - INFO - \U0001f4ca Обработано 3500 записей...
2025-10-02 20:16:14,323 - INFO - \U0001f4ca Обработано 3600 записей...
2025-10-02 20:16:14,392 - INFO - \U0001f4ca Обработано 3700 записей...
2025-10-02 20:16:14,459 - INFO - \U0001f4ca Обработано 3800 записей...
2025-10-02 20:16:14,533 - INFO - \U0001f4ca Обработано 3900 записей...
2025-10-02 20:16:14,606 - INFO - \U0001f4ca Обработано 4000 записей...
2025-10-02 20:16:14,676 - INFO - \U0001f4ca Обработано 4100 записей...
2025-10-02 20:16:14,745 - INFO - \U0001f4ca Обработано 4200 записей...
2025-10-02 20:16:14,815 - INFO - \U0001f4ca Обработано 4300 записей...
2025-10-02 20:16:14,887 - INFO - \U0001f4ca Обработано 4400 записей...
2025-10-02 20:16:14,958 - INFO - \U0001f4ca Обработано 4500 записей...
2025-10-02 20:16:15,027 - INFO - \U0001f4ca Обработано 4600 записей...
2025-10-02 20:16:15,096 - INFO - \U0001f4ca Обработано 4700 записей...
2025-10-02 20:16:15,167 - INFO - \U0001f4ca Обработано 4800 записей...
2025-10-02 20:16:15,238 - INFO - \U0001f4ca Обработано 4900 записей...
2025-10-02 20:16:15,306 - INFO - \U0001f4ca Обработано 5000 записей...
2025-10-02 20:16:15,377 - INFO - \U0001f4ca Обработано 5100 записей...
2025-10-02 20:16:15,445 - INFO - \U0001f4ca Обработано 5200 записей...
2025-10-02 20:16:15,514 - INFO - \U0001f4ca Обработано 5300 записей...
2025-10-02 20:16:15,588 - INFO - \U0001f4ca Обработано 5400 записей...
2025-10-02 20:16:15,660 - INFO - \U0001f4ca Обработано 5500 записей...
2025-10-02 20:16:15,730 - INFO - \U0001f4ca Обработано 5600 записей...
2025-10-02 20:16:15,800 - INFO - \U0001f4ca Обработано 5700 записей...
2025-10-02 20:16:15,870 - INFO - \U0001f4ca Обработано 5800 записей...
2025-10-02 20:16:15,940 - INFO - \U0001f4ca Обработано 5900 записей...
2025-10-02 20:16:16,016 - INFO - \U0001f4ca Обработано 6000 записей...
2025-10-02 20:16:16,092 - INFO - \U0001f4ca Обработано 6100 записей...
2025-10-02 20:16:16,157 - INFO - \U0001f4ca Обработано 6200 записей...
2025-10-02 20:16:16,224 - INFO - \U0001f4ca Обработано 6300 записей...
2025-10-02 20:16:16,295 - INFO - \U0001f4ca Обработано 6400 записей...
2025-10-02 20:16:16,365 - INFO - \U0001f4ca Обработано 6500 записей...
2025-10-02 20:16:16,434 - INFO - \U0001f4ca Обработано 6600 записей...
2025-10-02 20:16:16,514 - INFO - \U0001f4ca Обработано 6700 записей...
2025-10-02 20:16:16,606 - INFO - \U0001f4ca Обработано 6800 записей...
2025-10-02 20:16:16,669 - INFO - \U0001f4ca Обработано 6900 записей...
2025-10-02 20:16:16,737 - INFO - \U0001f4ca Обработано 7000 записей...
2025-10-02 20:16:16,808 - INFO - \U0001f4ca Обработано 7100 записей...
2025-10-02 20:16:16,878 - INFO - \U0001f4ca Обработано 7200 записей...
2025-10-02 20:16:16,953 - INFO - \U0001f4ca Обработано 7300 записей...
2025-10-02 20:16:17,027 - INFO - \U0001f4ca Обработано 7400 записей...
2025-10-02 20:16:17,090 - INFO - \U0001f4ca Обработано 7500 записей...
2025-10-02 20:16:17,162 - INFO - \U0001f4ca Обработано 7600 записей...
2025-10-02 20:16:17,230 - INFO - \U0001f4ca Обработано 7700 записей...
2025-10-02 20:16:17,300 - INFO - \U0001f4ca Обработано 7800 записей...
2025-10-02 20:16:17,392 - INFO - \U0001f4ca Обработано 7900 записей...
2025-10-02 20:16:17,465 - INFO - \U0001f4ca Обработано 8000 записей...
2025-10-02 20:16:17,535 - INFO - \U0001f4ca Обработано 8100 записей...
2025-10-02 20:16:17,604 - INFO - \U0001f4ca Обработано 8200 записей...
2025-10-02 20:16:17,671 - INFO - \U0001f4ca Обработано 8300 записей...
2025-10-02 20:16:17,748 - INFO - \U0001f4ca Обработано 8400 записей...
2025-10-02 20:16:17,818 - INFO - \U0001f4ca Обработано 8500 записей...
2025-10-02 20:16:17,906 - INFO - \U0001f4ca Обработано 8600 записей...
2025-10-02 20:16:17,983 - INFO - \U0001f4ca Обработано 8700 записей...
2025-10-02 20:16:18,060 - INFO - \U0001f4ca Обработано 8800 записей...
2025-10-02 20:16:18,133 - INFO - \U0001f4ca Обработано 8900 записей...
2025-10-02 20:16:18,203 - INFO - \U0001f4ca Обработано 9000 записей...
2025-10-02 20:16:18,270 - INFO - \U0001f4ca Обработано 9100 записей...
2025-10-02 20:16:18,362 - INFO - \U0001f4ca Обработано 9200 записей...
2025-10-02 20:16:18,444 - INFO - \U0001f4ca Обработано 9300 записей...
2025-10-02 20:16:18,517 - INFO - \U0001f4ca Обработано 9400 записей...
2025-10-02 20:16:18,588 - INFO - \U0001f4ca Обработано 9500 записей...
2025-10-02 20:16:18,656 - INFO - \U0001f4ca Обработано 9600 записей...
2025-10-02 20:16:18,726 - INFO - \U0001f4ca Обработано 9700 записей...
2025-10-02 20:16:18,798 - INFO - \U0001f4ca Обработано 9800 записей...
2025-10-02 20:16:18,874 - INFO - \U0001f4ca Обработано 9900 записей...
2025-10-02 20:16:18,938 - INFO - \U0001f4ca Обработано 10000 записей...
2025-10-02 20:16:18,939 - INFO - \u2705 Обновлено 9998 записей с регионами вылета.
2025-10-02 20:16:18,939 - INFO - \u274c Не найдено регионов для 2 записей.
2025-10-02 20:16:18,940 - INFO - \U0001f4ca Запуск расчета метрик...
2025-10-02 20:16:19,383 - INFO - \u2705 Метрики рассчитаны для 88 регионов
2025-10-02 20:16:19,384 - INFO - \u2705 Метрики рассчитаны для 88 регионов
2025-10-02 20:16:19,384 - INFO - 
============================================================
2025-10-02 20:16:19,384 - INFO - \U0001f4ca ИТОГОВАЯ СТАТИСТИКА
2025-10-02 20:16:19,384 - INFO - ============================================================
2025-10-02 20:16:19,384 - INFO - Всего обработано записей: 76902
2025-10-02 20:16:19,384 - INFO - Успешно загружено в БД: 76902
2025-10-02 20:16:19,384 - INFO - Корректные координаты вылета: 75492
2025-10-02 20:16:19,384 - INFO - Корректные координаты посадки: 75450
2025-10-02 20:16:19,384 - INFO - Исправлено координат: 51
2025-10-02 20:16:19,384 - INFO - \u23f1 Время выполнения: 81.58 секунд
2025-10-02 20:16:19,384 - INFO - ============================================================
2025-10-02 20:16:19,384 - INFO - 
\U0001f4ca Статистика по регионам:
2025-10-02 20:16:19,395 - INFO - \U0001f4c8 Всего записей с координатами: 75492
2025-10-02 20:16:19,406 - INFO - \U0001f4c8 Записей с определенными регионами: 9998
2025-10-02 20:16:19,420 - INFO - \U0001f4c8 Записей без определенных регионов: 65494
2025-10-02 20:16:19,434 - INFO - \u250c\u2500\u2500\u2500\u2500\u2500\u2500\u2500\u2500\u2500\u2500\u2500\u2500\u2500\u2500\u2500\u2500\u2500\u2500\u2500\u2500\u2500\u2500\u2500\u2500\u2500\u2500\u2500\u2500\u2500\u2500\u2500\u2500\u252c\u2500\u2500\u2500\u2500\u2500\u2500\u2500\u2500\u2500\u2500\u2500\u2500\u2500\u2500\u2510
2025-10-02 20:16:19,434 - INFO - \u2502 Регион                         \u2502 Кол-во полётов \u2502
2025-10-02 20:16:19,434 - INFO - \u251c\u2500\u2500\u2500\u2500\u2500\u2500\u2500\u2500\u2500\u2500\u2500\u2500\u2500\u2500\u2500\u2500\u2500\u2500\u2500\u2500\u2500\u2500\u2500\u2500\u2500\u2500\u2500\u2500\u2500\u2500\u2500\u2500\u253c\u2500\u2500\u2500\u2500\u2500\u2500\u2500\u2500\u2500\u2500\u2500\u2500\u2500\u2500\u2524
2025-10-02 20:16:19,434 - INFO - \u2502 Ханты-Мансийский автономный ок... \u2502         2474 \u2502
2025-10-02 20:16:19,434 - INFO - \u2502 Ямало-Ненецкий автономный окру... \u2502         1075 \u2502
2025-10-02 20:16:19,434 - INFO - \u2502 Московская область             \u2502          809 \u2502
2025-10-02 20:16:19,434 - INFO - \u2502 Республика Коми                \u2502          632 \u2502
2025-10-02 20:16:19,434 - INFO - \u2502 Удмуртия                       \u2502          551 \u2502
2025-10-02 20:16:19,434 - INFO - \u2502 Татарстан                      \u2502          366 \u2502
2025-10-02 20:16:19,434 - INFO - \u2502 Ленинградская область          \u2502          309 \u2502
2025-10-02 20:16:19,434 - INFO - \u2502 Тверская область               \u2502          269 \u2502
2025-10-02 20:16:19,434 - INFO - \u2502 Новосибирская область          \u2502          214 \u2502
2025-10-02 20:16:19,434 - INFO - \u2502 Москва                         \u2502          208 \u2502
2025-10-02 20:16:19,434 - INFO - \u2502 Самарская область              \u2502          200 \u2502
2025-10-02 20:16:19,434 - INFO - \u2502 Тюменская область              \u2502          196 \u2502
2025-10-02 20:16:19,434 - INFO - \u2502 Сахалинская область            \u2502          185 \u2502
2025-10-02 20:16:19,434 - INFO - \u2502 Дагестан                       \u2502          183 \u2502
2025-10-02 20:16:19,434 - INFO - \u2502 Свердловская область           \u2502          132 \u2502
2025-10-02 20:16:19,434 - INFO - \u2502 Ставропольский край            \u2502          128 \u2502
2025-10-02 20:16:19,434 - INFO - \u2502 Смоленская область             \u2502          120 \u2502
2025-10-02 20:16:19,434 - INFO - \u2502 Астраханская область           \u2502          108 \u2502
2025-10-02 20:16:19,434 - INFO - \u2502 Красноярский край              \u2502          107 \u2502
2025-10-02 20:16:19,435 - INFO - \u2502 Нижегородская область          \u2502           96 \u2502
2025-10-02 20:16:19,435 - INFO - \u2514\u2500\u2500\u2500\u2500\u2500\u2500\u2500\u2500\u2500\u2500\u2500\u2500\u2500\u2500\u2500\u2500\u2500\u2500\u2500\u2500\u2500\u2500\u2500\u2500\u2500\u2500\u2500\u2500\u2500\u2500\u2500\u2500\u2534\u2500\u2500\u2500\u2500\u2500\u2500\u2500\u2500\u2500\u2500\u2500\u2500\u2500\u2500\u2518
2025-10-02 20:16:19,435 - INFO - \U0001f389 Обработка завершена!
2025-10-02 20:16:19,793 - INFO - \u2705 Метрики рассчитаны для 88 регионов
2025-10-02 20:16:37,350 - INFO - Загружена последняя карта из кэша
2025-10-02 20:16:37,560 - INFO - Загружена последняя карта из кэша
2025-10-02 20:16:38,070 - INFO - Загружена последняя карта из кэша
2025-10-02 20:17:21,620 - INFO - Кэш карт очищен
2025-10-02 20:17:22,695 - INFO - Начало обработки GeoJSON данных
2025-10-02 20:17:23,634 - INFO - Загружено 88 регионов из GeoJSON
2025-10-02 20:17:23,634 - INFO - Используется поле для названий регионов: region
2025-10-02 20:17:23,634 - INFO - Установлена система координат EPSG:4326
2025-10-02 20:17:23,846 - INFO - Переведено в EPSG:32646
2025-10-02 20:17:23,848 - INFO - Вычислена площадь регионов
2025-10-02 20:17:23,850 - INFO - Удалено 1 полигонов с площадью <= 100000000.0
2025-10-02 20:17:23,851 - INFO - Удалено 1 полигонов с площадью <= 100000000.0
2025-10-02 20:17:23,851 - INFO - Удалено 1 полигонов с площадью <= 100000000.0
2025-10-02 20:17:23,852 - INFO - Удалено 1 полигонов с площадью <= 100000000.0
2025-10-02 20:17:23,852 - INFO - Удалено 3 полигонов с площадью <= 100000000.0
2025-10-02 20:17:23,852 - INFO - Удалено 1 полигонов с площадью <= 100000000.0
2025-10-02 20:17:23,853 - INFO - Удалено 8 полигонов с площадью <= 100000000.0
2025-10-02 20:17:23,853 - INFO - Удалено 2 полигонов с площадью <= 100000000.0
2025-10-02 20:17:23,854 - INFO - Удалено 1 полигонов с площадью <= 100000000.0
2025-10-02 20:17:23,854 - INFO - Удалено 3 полигонов с площадью <= 100000000.0
2025-10-02 20:17:23,854 - INFO - Удалено 1 полигонов с площадью <= 100000000.0
2025-10-02 20:17:23,854 - INFO - Удалено 1 полигонов с площадью <= 100000000.0
2025-10-02 20:17:23,855 - INFO - Удалено 9 полигонов с площадью <= 100000000.0
2025-10-02 20:17:23,856 - INFO - Удалено 2 полигонов с площадью <= 100000000.0
2025-10-02 20:17:23,856 - INFO - Удалено 1 полигонов с площадью <= 100000000.0
2025-10-02 20:17:23,857 - INFO - Удалено 4 полигонов с площадью <= 100000000.0
2025-10-02 20:17:23,859 - INFO - Удалено 2 полигонов с площадью <= 100000000.0
2025-10-02 20:17:23,862 - INFO - Мелкие полигоны удалены
2025-10-02 20:17:25,414 - INFO - Геометрия упрощена с допуском 500
2025-10-02 20:17:25,414 - INFO - Начало объединения границ
2025-10-02 20:17:37,119 - INFO - Границы объединены
2025-10-02 20:17:37,120 - INFO - Регионы отсортированы
2025-10-02 20:17:37,182 - INFO - Геометрии преобразованы в x, y
2025-10-02 20:17:37,826 - INFO - Карта успешно создана
2025-10-02 20:17:38,159 - INFO - Карта сохранена в кэш: b54b63ba3cec6218fe7dcb524479adcf
2025-10-02 20:17:44,458 - INFO - Загружена последняя карта из кэша
2025-10-02 20:17:44,662 - INFO - Загружена последняя карта из кэша
2025-10-02 20:17:45,083 - INFO - Загружена последняя карта из кэша
2025-10-02 20:18:18,128 - INFO - \u2705 Подключение к БД успешно.
2025-10-02 20:18:18,141 - INFO - \U0001f504 Схема изменилась — пересоздаём таблицу...
2025-10-02 20:18:18,178 - INFO - \u2705 Таблица 'flights' пересоздана.
2025-10-02 20:18:25,288 - INFO - \u2705 Файл Excel загружен: 76902 записей
2025-10-02 20:18:25,289 - INFO - \u26a0\ufe0f  Столбец 'Центр ЕС ОрВД' не распознан, будет пропущен.
2025-10-02 20:18:25,289 - INFO - 
\U0001f504 Начинаем обработку 76902 записей...
2025-10-02 20:18:26,151 - INFO - \U0001f4ca Обработано 1000 записей...
2025-10-02 20:18:27,023 - INFO - \U0001f4ca Обработано 2000 записей...
2025-10-02 20:18:27,899 - INFO - \U0001f4ca Обработано 3000 записей...
2025-10-02 20:18:28,756 - INFO - \U0001f4ca Обработано 4000 записей...
2025-10-02 20:18:29,669 - INFO - \U0001f4ca Обработано 5000 записей...
2025-10-02 20:18:30,535 - INFO - \U0001f4ca Обработано 6000 записей...
2025-10-02 20:18:31,471 - INFO - \U0001f4ca Обработано 7000 записей...
2025-10-02 20:18:32,377 - INFO - \U0001f4ca Обработано 8000 записей...
2025-10-02 20:18:33,299 - INFO - \U0001f4ca Обработано 9000 записей...
2025-10-02 20:18:34,205 - INFO - \U0001f4ca Обработано 10000 записей...
2025-10-02 20:18:35,050 - INFO - \U0001f4ca Обработано 11000 записей...
2025-10-02 20:18:35,938 - INFO - \U0001f4ca Обработано 12000 записей...
2025-10-02 20:18:36,817 - INFO - \U0001f4ca Обработано 13000 записей...
2025-10-02 20:18:37,760 - INFO - \U0001f4ca Обработано 14000 записей...
2025-10-02 20:18:38,627 - INFO - \U0001f4ca Обработано 15000 записей...
2025-10-02 20:18:39,491 - INFO - \U0001f4ca Обработано 16000 записей...
2025-10-02 20:18:40,351 - INFO - \U0001f4ca Обработано 17000 записей...
2025-10-02 20:18:41,233 - INFO - \U0001f4ca Обработано 18000 записей...
2025-10-02 20:18:42,111 - INFO - \U0001f4ca Обработано 19000 записей...
2025-10-02 20:18:42,952 - INFO - \U0001f4ca Обработано 20000 записей...
2025-10-02 20:18:43,852 - INFO - \U0001f4ca Обработано 21000 записей...
2025-10-02 20:18:44,757 - INFO - \U0001f4ca Обработано 22000 записей...
2025-10-02 20:18:45,654 - INFO - \U0001f4ca Обработано 23000 записей...
2025-10-02 20:18:46,572 - INFO - \U0001f4ca Обработано 24000 записей...
2025-10-02 20:18:47,504 - INFO - \U0001f4ca Обработано 25000 записей...
2025-10-02 20:18:48,389 - INFO - \U0001f4ca Обработано 26000 записей...
2025-10-02 20:18:49,216 - INFO - \U0001f4ca Обработано 27000 записей...
2025-10-02 20:18:50,018 - INFO - \U0001f4ca Обработано 28000 записей...
2025-10-02 20:18:50,935 - INFO - \U0001f4ca Обработано 29000 записей...
2025-10-02 20:18:51,797 - INFO - \U0001f4ca Обработано 30000 записей...
2025-10-02 20:18:52,697 - INFO - \U0001f4ca Обработано 31000 записей...
2025-10-02 20:18:53,607 - INFO - \U0001f4ca Обработано 32000 записей...
2025-10-02 20:18:54,526 - INFO - \U0001f4ca Обработано 33000 записей...
2025-10-02 20:18:55,472 - INFO - \U0001f4ca Обработано 34000 записей...
2025-10-02 20:18:56,348 - INFO - \U0001f4ca Обработано 35000 записей...
2025-10-02 20:18:57,207 - INFO - \U0001f4ca Обработано 36000 записей...
2025-10-02 20:18:58,118 - INFO - \U0001f4ca Обработано 37000 записей...
2025-10-02 20:18:59,293 - INFO - \U0001f4ca Обработано 38000 записей...
2025-10-02 20:19:00,286 - INFO - \U0001f4ca Обработано 39000 записей...
2025-10-02 20:19:00,951 - INFO - \U0001f4ca Обработано 40000 записей...
2025-10-02 20:19:01,576 - INFO - \U0001f4ca Обработано 41000 записей...
2025-10-02 20:19:02,210 - INFO - \U0001f4ca Обработано 42000 записей...
2025-10-02 20:19:02,941 - INFO - \U0001f4ca Обработано 43000 записей...
2025-10-02 20:19:03,676 - INFO - \U0001f4ca Обработано 44000 записей...
2025-10-02 20:19:04,319 - INFO - \U0001f4ca Обработано 45000 записей...
2025-10-02 20:19:04,953 - INFO - \U0001f4ca Обработано 46000 записей...
2025-10-02 20:19:05,599 - INFO - \U0001f4ca Обработано 47000 записей...
2025-10-02 20:19:06,260 - INFO - \U0001f4ca Обработано 48000 записей...
2025-10-02 20:19:06,934 - INFO - \U0001f4ca Обработано 49000 записей...
2025-10-02 20:19:07,600 - INFO - \U0001f4ca Обработано 50000 записей...
2025-10-02 20:19:08,266 - INFO - \U0001f4ca Обработано 51000 записей...
2025-10-02 20:19:08,937 - INFO - \U0001f4ca Обработано 52000 записей...
2025-10-02 20:19:10,656 - INFO - \U0001f4ca Обработано 53000 записей...
2025-10-02 20:19:11,356 - INFO - \U0001f4ca Обработано 54000 записей...
2025-10-02 20:19:12,262 - INFO - \U0001f4ca Обработано 55000 записей...
2025-10-02 20:19:13,106 - INFO - \U0001f4ca Обработано 56000 записей...
2025-10-02 20:19:13,971 - INFO - \U0001f4ca Обработано 57000 записей...
2025-10-02 20:19:14,862 - INFO - \U0001f4ca Обработано 58000 записей...
2025-10-02 20:19:15,691 - INFO - \U0001f4ca Обработано 59000 записей...
2025-10-02 20:19:16,588 - INFO - \U0001f4ca Обработано 60000 записей...
2025-10-02 20:19:17,446 - INFO - \U0001f4ca Обработано 61000 записей...
2025-10-02 20:19:18,329 - INFO - \U0001f4ca Обработано 62000 записей...
2025-10-02 20:19:19,185 - INFO - \U0001f4ca Обработано 63000 записей...
2025-10-02 20:19:20,097 - INFO - \U0001f4ca Обработано 64000 записей...
2025-10-02 20:19:20,948 - INFO - \U0001f4ca Обработано 65000 записей...
2025-10-02 20:19:21,816 - INFO - \U0001f4ca Обработано 66000 записей...
2025-10-02 20:19:22,685 - INFO - \U0001f4ca Обработано 67000 записей...
2025-10-02 20:19:23,520 - INFO - \U0001f4ca Обработано 68000 записей...
2025-10-02 20:19:24,443 - INFO - \U0001f4ca Обработано 69000 записей...
2025-10-02 20:19:25,363 - INFO - \U0001f4ca Обработано 70000 записей...
2025-10-02 20:19:26,256 - INFO - \U0001f4ca Обработано 71000 записей...
2025-10-02 20:19:27,128 - INFO - \U0001f4ca Обработано 72000 записей...
2025-10-02 20:19:27,969 - INFO - \U0001f4ca Обработано 73000 записей...
2025-10-02 20:19:28,840 - INFO - \U0001f4ca Обработано 74000 записей...
2025-10-02 20:19:29,671 - INFO - \U0001f4ca Обработано 75000 записей...
2025-10-02 20:19:30,510 - INFO - \U0001f4ca Обработано 76000 записей...
2025-10-02 20:19:31,274 - INFO - \u2705 Найден GeoJSON файл: uploads\russia_regions.geojson
2025-10-02 20:19:31,274 - INFO - \U0001f30d Определение регионов вылета по координатам (GeoJSON)...
2025-10-02 20:19:36,682 - INFO - \u2705 Загружено 88 регионов из GeoJSON: russia_regions.geojson
2025-10-02 20:19:36,703 - INFO - \U0001f50d Найдено 10000 записей с координатами для обработки...
2025-10-02 20:19:36,814 - INFO - \U0001f4ca Обработано 100 записей...
2025-10-02 20:19:36,905 - INFO - \U0001f4ca Обработано 200 записей...
2025-10-02 20:19:36,992 - INFO - \U0001f4ca Обработано 300 записей...
2025-10-02 20:19:37,092 - INFO - \U0001f4ca Обработано 400 записей...
2025-10-02 20:19:37,185 - INFO - \U0001f4ca Обработано 500 записей...
2025-10-02 20:19:37,275 - INFO - \U0001f4ca Обработано 600 записей...
2025-10-02 20:19:37,360 - INFO - \U0001f4ca Обработано 700 записей...
2025-10-02 20:19:37,460 - INFO - \U0001f4ca Обработано 800 записей...
2025-10-02 20:19:37,550 - INFO - \U0001f4ca Обработано 900 записей...
2025-10-02 20:19:37,642 - INFO - \U0001f4ca Обработано 1000 записей...
2025-10-02 20:19:37,737 - INFO - \U0001f4ca Обработано 1100 записей...
2025-10-02 20:19:37,822 - INFO - \U0001f4ca Обработано 1200 записей...
2025-10-02 20:19:37,918 - INFO - \U0001f4ca Обработано 1300 записей...
2025-10-02 20:19:38,015 - INFO - \U0001f4ca Обработано 1400 записей...
2025-10-02 20:19:38,121 - INFO - \U0001f4ca Обработано 1500 записей...
2025-10-02 20:19:38,231 - INFO - \U0001f4ca Обработано 1600 записей...
2025-10-02 20:19:38,316 - INFO - \U0001f4ca Обработано 1700 записей...
2025-10-02 20:19:38,409 - INFO - \U0001f4ca Обработано 1800 записей...
2025-10-02 20:19:38,512 - INFO - \U0001f4ca Обработано 1900 записей...
2025-10-02 20:19:38,608 - INFO - \U0001f4ca Обработано 2000 записей...
2025-10-02 20:19:38,704 - INFO - \U0001f4ca Обработано 2100 записей...
2025-10-02 20:19:38,802 - INFO - \U0001f4ca Обработано 2200 записей...
2025-10-02 20:19:38,882 - INFO - \U0001f4ca Обработано 2300 записей...
2025-10-02 20:19:38,960 - INFO - \U0001f4ca Обработано 2400 записей...
2025-10-02 20:19:39,044 - INFO - \U0001f4ca Обработано 2500 записей...
2025-10-02 20:19:39,126 - INFO - \U0001f4ca Обработано 2600 записей...
2025-10-02 20:19:39,211 - INFO - \U0001f4ca Обработано 2700 записей...
2025-10-02 20:19:39,287 - INFO - \U0001f4ca Обработано 2800 записей...
2025-10-02 20:19:39,372 - INFO - \U0001f4ca Обработано 2900 записей...
2025-10-02 20:19:39,466 - INFO - \U0001f4ca Обработано 3000 записей...
2025-10-02 20:19:39,532 - INFO - \U0001f4ca Обработано 3100 записей...
2025-10-02 20:19:39,619 - INFO - \U0001f4ca Обработано 3200 записей...
2025-10-02 20:19:39,713 - INFO - \U0001f4ca Обработано 3300 записей...
2025-10-02 20:19:39,809 - INFO - \U0001f4ca Обработано 3400 записей...
2025-10-02 20:19:39,913 - INFO - \U0001f4ca Обработано 3500 записей...
2025-10-02 20:19:40,004 - INFO - \U0001f4ca Обработано 3600 записей...
2025-10-02 20:19:40,092 - INFO - \U0001f4ca Обработано 3700 записей...
2025-10-02 20:19:40,192 - INFO - \U0001f4ca Обработано 3800 записей...
2025-10-02 20:19:40,304 - INFO - \U0001f4ca Обработано 3900 записей...
2025-10-02 20:19:40,380 - INFO - \U0001f4ca Обработано 4000 записей...
2025-10-02 20:19:40,460 - INFO - \U0001f4ca Обработано 4100 записей...
2025-10-02 20:19:40,562 - INFO - \U0001f4ca Обработано 4200 записей...
2025-10-02 20:19:40,638 - INFO - \U0001f4ca Обработано 4300 записей...
2025-10-02 20:19:40,725 - INFO - \U0001f4ca Обработано 4400 записей...
2025-10-02 20:19:40,810 - INFO - \U0001f4ca Обработано 4500 записей...
2025-10-02 20:19:40,883 - INFO - \U0001f4ca Обработано 4600 записей...
2025-10-02 20:19:40,970 - INFO - \U0001f4ca Обработано 4700 записей...
2025-10-02 20:19:41,073 - INFO - \U0001f4ca Обработано 4800 записей...
2025-10-02 20:19:41,180 - INFO - \U0001f4ca Обработано 4900 записей...
2025-10-02 20:19:41,260 - INFO - \U0001f4ca Обработано 5000 записей...
2025-10-02 20:19:41,351 - INFO - \U0001f4ca Обработано 5100 записей...
2025-10-02 20:19:41,438 - INFO - \U0001f4ca Обработано 5200 записей...
2025-10-02 20:19:41,520 - INFO - \U0001f4ca Обработано 5300 записей...
2025-10-02 20:19:41,613 - INFO - \U0001f4ca Обработано 5400 записей...
2025-10-02 20:19:41,720 - INFO - \U0001f4ca Обработано 5500 записей...
2025-10-02 20:19:41,818 - INFO - \U0001f4ca Обработано 5600 записей...
2025-10-02 20:19:41,917 - INFO - \U0001f4ca Обработано 5700 записей...
2025-10-02 20:19:42,019 - INFO - \U0001f4ca Обработано 5800 записей...
2025-10-02 20:19:42,112 - INFO - \U0001f4ca Обработано 5900 записей...
2025-10-02 20:19:42,209 - INFO - \U0001f4ca Обработано 6000 записей...
2025-10-02 20:19:42,304 - INFO - \U0001f4ca Обработано 6100 записей...
2025-10-02 20:19:42,392 - INFO - \U0001f4ca Обработано 6200 записей...
2025-10-02 20:19:42,490 - INFO - \U0001f4ca Обработано 6300 записей...
2025-10-02 20:19:42,573 - INFO - \U0001f4ca Обработано 6400 записей...
2025-10-02 20:19:42,661 - INFO - \U0001f4ca Обработано 6500 записей...
2025-10-02 20:19:42,745 - INFO - \U0001f4ca Обработано 6600 записей...
2025-10-02 20:19:42,830 - INFO - \U0001f4ca Обработано 6700 записей...
2025-10-02 20:19:42,918 - INFO - \U0001f4ca Обработано 6800 записей...
2025-10-02 20:19:43,012 - INFO - \U0001f4ca Обработано 6900 записей...
2025-10-02 20:19:43,112 - INFO - \U0001f4ca Обработано 7000 записей...
2025-10-02 20:19:43,205 - INFO - \U0001f4ca Обработано 7100 записей...
2025-10-02 20:19:43,296 - INFO - \U0001f4ca Обработано 7200 записей...
2025-10-02 20:19:43,391 - INFO - \U0001f4ca Обработано 7300 записей...
2025-10-02 20:19:43,475 - INFO - \U0001f4ca Обработано 7400 записей...
2025-10-02 20:19:43,572 - INFO - \U0001f4ca Обработано 7500 записей...
2025-10-02 20:19:43,657 - INFO - \U0001f4ca Обработано 7600 записей...
2025-10-02 20:19:43,739 - INFO - \U0001f4ca Обработано 7700 записей...
2025-10-02 20:19:43,832 - INFO - \U0001f4ca Обработано 7800 записей...
2025-10-02 20:19:43,924 - INFO - \U0001f4ca Обработано 7900 записей...
2025-10-02 20:19:44,002 - INFO - \U0001f4ca Обработано 8000 записей...
2025-10-02 20:19:44,084 - INFO - \U0001f4ca Обработано 8100 записей...
2025-10-02 20:19:44,169 - INFO - \U0001f4ca Обработано 8200 записей...
2025-10-02 20:19:44,243 - INFO - \U0001f4ca Обработано 8300 записей...
2025-10-02 20:19:44,333 - INFO - \U0001f4ca Обработано 8400 записей...
2025-10-02 20:19:44,423 - INFO - \U0001f4ca Обработано 8500 записей...
2025-10-02 20:19:44,521 - INFO - \U0001f4ca Обработано 8600 записей...
2025-10-02 20:19:44,623 - INFO - \U0001f4ca Обработано 8700 записей...
2025-10-02 20:19:44,736 - INFO - \U0001f4ca Обработано 8800 записей...
2025-10-02 20:19:44,833 - INFO - \U0001f4ca Обработано 8900 записей...
2025-10-02 20:19:44,926 - INFO - \U0001f4ca Обработано 9000 записей...
2025-10-02 20:19:45,025 - INFO - \U0001f4ca Обработано 9100 записей...
2025-10-02 20:19:45,128 - INFO - \U0001f4ca Обработано 9200 записей...
2025-10-02 20:19:45,214 - INFO - \U0001f4ca Обработано 9300 записей...
2025-10-02 20:19:45,307 - INFO - \U0001f4ca Обработано 9400 записей...
2025-10-02 20:19:45,395 - INFO - \U0001f4ca Обработано 9500 записей...
2025-10-02 20:19:45,479 - INFO - \U0001f4ca Обработано 9600 записей...
2025-10-02 20:19:45,585 - INFO - \U0001f4ca Обработано 9700 записей...
2025-10-02 20:19:45,682 - INFO - \U0001f4ca Обработано 9800 записей...
2025-10-02 20:19:45,803 - INFO - \U0001f4ca Обработано 9900 записей...
2025-10-02 20:19:45,887 - INFO - \U0001f4ca Обработано 10000 записей...
2025-10-02 20:19:45,888 - INFO - \u2705 Обновлено 9998 записей с регионами вылета.
2025-10-02 20:19:45,888 - INFO - \u274c Не найдено регионов для 2 записей.
2025-10-02 20:19:45,889 - INFO - \U0001f4ca Запуск расчета метрик...
2025-10-02 20:19:46,290 - INFO - \u2705 Метрики рассчитаны для 88 регионов
2025-10-02 20:19:46,290 - INFO - \u2705 Метрики рассчитаны для 88 регионов
2025-10-02 20:19:46,290 - INFO - 
============================================================
2025-10-02 20:19:46,290 - INFO - \U0001f4ca ИТОГОВАЯ СТАТИСТИКА
2025-10-02 20:19:46,290 - INFO - ============================================================
2025-10-02 20:19:46,290 - INFO - Всего обработано записей: 76902
2025-10-02 20:19:46,290 - INFO - Успешно загружено в БД: 76902
2025-10-02 20:19:46,290 - INFO - Корректные координаты вылета: 75492
2025-10-02 20:19:46,290 - INFO - Корректные координаты посадки: 75450
2025-10-02 20:19:46,290 - INFO - Исправлено координат: 51
2025-10-02 20:19:46,290 - INFO - \u23f1 Время выполнения: 88.22 секунд
2025-10-02 20:19:46,290 - INFO - ============================================================
2025-10-02 20:19:46,290 - INFO - 
\U0001f4ca Статистика по регионам:
2025-10-02 20:19:46,303 - INFO - \U0001f4c8 Всего записей с координатами: 75492
2025-10-02 20:19:46,313 - INFO - \U0001f4c8 Записей с определенными регионами: 9998
2025-10-02 20:19:46,328 - INFO - \U0001f4c8 Записей без определенных регионов: 65494
2025-10-02 20:19:46,343 - INFO - \u250c\u2500\u2500\u2500\u2500\u2500\u2500\u2500\u2500\u2500\u2500\u2500\u2500\u2500\u2500\u2500\u2500\u2500\u2500\u2500\u2500\u2500\u2500\u2500\u2500\u2500\u2500\u2500\u2500\u2500\u2500\u2500\u2500\u252c\u2500\u2500\u2500\u2500\u2500\u2500\u2500\u2500\u2500\u2500\u2500\u2500\u2500\u2500\u2510
2025-10-02 20:19:46,343 - INFO - \u2502 Регион                         \u2502 Кол-во полётов \u2502
2025-10-02 20:19:46,343 - INFO - \u251c\u2500\u2500\u2500\u2500\u2500\u2500\u2500\u2500\u2500\u2500\u2500\u2500\u2500\u2500\u2500\u2500\u2500\u2500\u2500\u2500\u2500\u2500\u2500\u2500\u2500\u2500\u2500\u2500\u2500\u2500\u2500\u2500\u253c\u2500\u2500\u2500\u2500\u2500\u2500\u2500\u2500\u2500\u2500\u2500\u2500\u2500\u2500\u2524
2025-10-02 20:19:46,343 - INFO - \u2502 Ханты-Мансийский автономный ок... \u2502         2474 \u2502
2025-10-02 20:19:46,343 - INFO - \u2502 Ямало-Ненецкий автономный окру... \u2502         1075 \u2502
2025-10-02 20:19:46,343 - INFO - \u2502 Московская область             \u2502          809 \u2502
2025-10-02 20:19:46,343 - INFO - \u2502 Республика Коми                \u2502          632 \u2502
2025-10-02 20:19:46,343 - INFO - \u2502 Удмуртия                       \u2502          551 \u2502
2025-10-02 20:19:46,343 - INFO - \u2502 Татарстан                      \u2502          366 \u2502
2025-10-02 20:19:46,343 - INFO - \u2502 Ленинградская область          \u2502          309 \u2502
2025-10-02 20:19:46,343 - INFO - \u2502 Тверская область               \u2502          269 \u2502
2025-10-02 20:19:46,344 - INFO - \u2502 Новосибирская область          \u2502          214 \u2502
2025-10-02 20:19:46,344 - INFO - \u2502 Москва                         \u2502          208 \u2502
2025-10-02 20:19:46,344 - INFO - \u2502 Самарская область              \u2502          200 \u2502
2025-10-02 20:19:46,344 - INFO - \u2502 Тюменская область              \u2502          196 \u2502
2025-10-02 20:19:46,344 - INFO - \u2502 Сахалинская область            \u2502          185 \u2502
2025-10-02 20:19:46,344 - INFO - \u2502 Дагестан                       \u2502          183 \u2502
2025-10-02 20:19:46,344 - INFO - \u2502 Свердловская область           \u2502          132 \u2502
2025-10-02 20:19:46,344 - INFO - \u2502 Ставропольский край            \u2502          128 \u2502
2025-10-02 20:19:46,344 - INFO - \u2502 Смоленская область             \u2502          120 \u2502
2025-10-02 20:19:46,344 - INFO - \u2502 Астраханская область           \u2502          108 \u2502
2025-10-02 20:19:46,344 - INFO - \u2502 Красноярский край              \u2502          107 \u2502
2025-10-02 20:19:46,344 - INFO - \u2502 Нижегородская область          \u2502           96 \u2502
2025-10-02 20:19:46,344 - INFO - \u2514\u2500\u2500\u2500\u2500\u2500\u2500\u2500\u2500\u2500\u2500\u2500\u2500\u2500\u2500\u2500\u2500\u2500\u2500\u2500\u2500\u2500\u2500\u2500\u2500\u2500\u2500\u2500\u2500\u2500\u2500\u2500\u2500\u2534\u2500\u2500\u2500\u2500\u2500\u2500\u2500\u2500\u2500\u2500\u2500\u2500\u2500\u2500\u2518
2025-10-02 20:19:46,344 - INFO - \U0001f389 Обработка завершена!
2025-10-02 20:19:46,774 - INFO - \u2705 Метрики рассчитаны для 88 регионов
2025-10-02 20:35:14,433 - INFO - Загружена последняя карта из кэша
2025-10-02 20:35:14,635 - INFO - Загружена последняя карта из кэша
2025-10-02 20:35:15,183 - INFO - Загружена последняя карта из кэша
2025-10-02 20:35:32,142 - INFO - \u2705 Метрики рассчитаны для 88 регионов
2025-10-02 21:35:14,408 - INFO - Загружена последняя карта из кэша
2025-10-02 21:35:17,375 - INFO - \u2705 Метрики рассчитаны для 88 регионов
2025-10-02 21:35:17,382 - INFO - Загружена последняя карта из кэша
2025-10-02 21:35:20,227 - INFO - Загружена последняя карта из кэша
2025-10-02 21:36:43,212 - INFO - \u2705 Метрики рассчитаны для 88 регионов
2025-10-02 21:37:30,540 - INFO - Загружена последняя карта из кэша
2025-10-02 21:45:25,601 - INFO - \u2705 Подключение к БД успешно.
2025-10-02 21:45:25,617 - INFO - \U0001f504 Схема изменилась — пересоздаём таблицу...
2025-10-02 21:45:25,656 - INFO - \u2705 Таблица 'flights' пересоздана.
2025-10-02 21:45:32,190 - INFO - \u2705 Файл Excel загружен: 76902 записей
2025-10-02 21:45:32,190 - INFO - \u26a0\ufe0f  Столбец 'Центр ЕС ОрВД' не распознан, будет пропущен.
2025-10-02 21:45:32,190 - INFO - 
\U0001f504 Начинаем обработку 76902 записей...
2025-10-02 21:45:32,850 - INFO - \U0001f4ca Обработано 1000 записей...
2025-10-02 21:45:33,510 - INFO - \U0001f4ca Обработано 2000 записей...
2025-10-02 21:45:34,201 - INFO - \U0001f4ca Обработано 3000 записей...
2025-10-02 21:45:34,850 - INFO - \U0001f4ca Обработано 4000 записей...
2025-10-02 21:45:35,937 - INFO - \U0001f4ca Обработано 5000 записей...
2025-10-02 21:45:37,007 - INFO - \U0001f4ca Обработано 6000 записей...
2025-10-02 21:45:38,385 - INFO - \U0001f4ca Обработано 7000 записей...
2025-10-02 21:45:39,040 - INFO - \U0001f4ca Обработано 8000 записей...
2025-10-02 21:45:39,681 - INFO - \U0001f4ca Обработано 9000 записей...
2025-10-02 21:45:40,320 - INFO - \U0001f4ca Обработано 10000 записей...
2025-10-02 21:45:41,475 - INFO - \U0001f4ca Обработано 11000 записей...
2025-10-02 21:45:42,210 - INFO - \U0001f4ca Обработано 12000 записей...
2025-10-02 21:45:42,950 - INFO - \U0001f4ca Обработано 13000 записей...
2025-10-02 21:45:43,690 - INFO - \U0001f4ca Обработано 14000 записей...
2025-10-02 21:45:44,411 - INFO - \U0001f4ca Обработано 15000 записей...
2025-10-02 21:45:45,301 - INFO - \U0001f4ca Обработано 16000 записей...
2025-10-02 21:45:45,971 - INFO - \U0001f4ca Обработано 17000 записей...
2025-10-02 21:45:46,641 - INFO - \U0001f4ca Обработано 18000 записей...
2025-10-02 21:45:47,301 - INFO - \U0001f4ca Обработано 19000 записей...
2025-10-02 21:45:47,971 - INFO - \U0001f4ca Обработано 20000 записей...
2025-10-02 21:45:48,631 - INFO - \U0001f4ca Обработано 21000 записей...
2025-10-02 21:45:49,300 - INFO - \U0001f4ca Обработано 22000 записей...
2025-10-02 21:45:49,986 - INFO - \U0001f4ca Обработано 23000 записей...
2025-10-02 21:45:50,652 - INFO - \U0001f4ca Обработано 24000 записей...
2025-10-02 21:45:51,311 - INFO - \U0001f4ca Обработано 25000 записей...
2025-10-02 21:45:51,980 - INFO - \U0001f4ca Обработано 26000 записей...
2025-10-02 21:45:52,651 - INFO - \U0001f4ca Обработано 27000 записей...
2025-10-02 21:45:53,321 - INFO - \U0001f4ca Обработано 28000 записей...
2025-10-02 21:45:53,990 - INFO - \U0001f4ca Обработано 29000 записей...
2025-10-02 21:45:54,660 - INFO - \U0001f4ca Обработано 30000 записей...
2025-10-02 21:45:55,336 - INFO - \U0001f4ca Обработано 31000 записей...
2025-10-02 21:45:56,001 - INFO - \U0001f4ca Обработано 32000 записей...
2025-10-02 21:45:56,671 - INFO - \U0001f4ca Обработано 33000 записей...
2025-10-02 21:45:57,330 - INFO - \U0001f4ca Обработано 34000 записей...
2025-10-02 21:45:58,001 - INFO - \U0001f4ca Обработано 35000 записей...
2025-10-02 21:45:58,671 - INFO - \U0001f4ca Обработано 36000 записей...
2025-10-02 21:46:00,140 - INFO - \U0001f4ca Обработано 37000 записей...
2025-10-02 21:46:00,880 - INFO - \U0001f4ca Обработано 38000 записей...
2025-10-02 21:46:01,630 - INFO - \U0001f4ca Обработано 39000 записей...
2025-10-02 21:46:02,361 - INFO - \U0001f4ca Обработано 40000 записей...
2025-10-02 21:46:03,131 - INFO - \U0001f4ca Обработано 41000 записей...
2025-10-02 21:46:04,000 - INFO - \U0001f4ca Обработано 42000 записей...
2025-10-02 21:46:04,650 - INFO - \U0001f4ca Обработано 43000 записей...
2025-10-02 21:46:05,300 - INFO - \U0001f4ca Обработано 44000 записей...
2025-10-02 21:46:05,955 - INFO - \U0001f4ca Обработано 45000 записей...
2025-10-02 21:46:06,601 - INFO - \U0001f4ca Обработано 46000 записей...
2025-10-02 21:46:07,250 - INFO - \U0001f4ca Обработано 47000 записей...
2025-10-02 21:46:08,160 - INFO - \U0001f4ca Обработано 48000 записей...
2025-10-02 21:46:08,915 - INFO - \U0001f4ca Обработано 49000 записей...
2025-10-02 21:46:09,640 - INFO - \U0001f4ca Обработано 50000 записей...
2025-10-02 21:46:10,390 - INFO - \U0001f4ca Обработано 51000 записей...
2025-10-02 21:46:11,171 - INFO - \U0001f4ca Обработано 52000 записей...
2025-10-02 21:46:11,881 - INFO - \U0001f4ca Обработано 53000 записей...
2025-10-02 21:46:12,631 - INFO - \U0001f4ca Обработано 54000 записей...
2025-10-02 21:46:13,351 - INFO - \U0001f4ca Обработано 55000 записей...
2025-10-02 21:46:14,090 - INFO - \U0001f4ca Обработано 56000 записей...
2025-10-02 21:46:14,860 - INFO - \U0001f4ca Обработано 57000 записей...
2025-10-02 21:46:15,601 - INFO - \U0001f4ca Обработано 58000 записей...
2025-10-02 21:46:16,460 - INFO - \U0001f4ca Обработано 59000 записей...
2025-10-02 21:46:17,100 - INFO - \U0001f4ca Обработано 60000 записей...
2025-10-02 21:46:17,751 - INFO - \U0001f4ca Обработано 61000 записей...
2025-10-02 21:46:18,381 - INFO - \U0001f4ca Обработано 62000 записей...
2025-10-02 21:46:19,031 - INFO - \U0001f4ca Обработано 63000 записей...
2025-10-02 21:46:19,670 - INFO - \U0001f4ca Обработано 64000 записей...
2025-10-02 21:46:20,321 - INFO - \U0001f4ca Обработано 65000 записей...
2025-10-02 21:46:20,961 - INFO - \U0001f4ca Обработано 66000 записей...
2025-10-02 21:46:21,611 - INFO - \U0001f4ca Обработано 67000 записей...
2025-10-02 21:46:22,240 - INFO - \U0001f4ca Обработано 68000 записей...
2025-10-02 21:46:22,871 - INFO - \U0001f4ca Обработано 69000 записей...
2025-10-02 21:46:23,523 - INFO - \U0001f4ca Обработано 70000 записей...
2025-10-02 21:46:24,160 - INFO - \U0001f4ca Обработано 71000 записей...
2025-10-02 21:46:24,810 - INFO - \U0001f4ca Обработано 72000 записей...
2025-10-02 21:46:25,450 - INFO - \U0001f4ca Обработано 73000 записей...
2025-10-02 21:46:26,100 - INFO - \U0001f4ca Обработано 74000 записей...
2025-10-02 21:46:26,740 - INFO - \U0001f4ca Обработано 75000 записей...
2025-10-02 21:46:27,390 - INFO - \U0001f4ca Обработано 76000 записей...
2025-10-02 21:46:27,971 - INFO - \u2705 Найден GeoJSON файл: uploads\russia_regions.geojson
2025-10-02 21:46:27,971 - INFO - \U0001f30d Определение регионов вылета по координатам (GeoJSON)...
2025-10-02 21:46:32,421 - INFO - \u2705 Загружено 88 регионов из GeoJSON: russia_regions.geojson
2025-10-02 21:46:32,440 - INFO - \U0001f50d Найдено 10000 записей с координатами для обработки...
2025-10-02 21:46:32,521 - INFO - \U0001f4ca Обработано 100 записей...
2025-10-02 21:46:32,590 - INFO - \U0001f4ca Обработано 200 записей...
2025-10-02 21:46:32,651 - INFO - \U0001f4ca Обработано 300 записей...
2025-10-02 21:46:32,721 - INFO - \U0001f4ca Обработано 400 записей...
2025-10-02 21:46:32,781 - INFO - \U0001f4ca Обработано 500 записей...
2025-10-02 21:46:32,851 - INFO - \U0001f4ca Обработано 600 записей...
2025-10-02 21:46:32,920 - INFO - \U0001f4ca Обработано 700 записей...
2025-10-02 21:46:32,985 - INFO - \U0001f4ca Обработано 800 записей...
2025-10-02 21:46:33,041 - INFO - \U0001f4ca Обработано 900 записей...
2025-10-02 21:46:33,106 - INFO - \U0001f4ca Обработано 1000 записей...
2025-10-02 21:46:33,175 - INFO - \U0001f4ca Обработано 1100 записей...
2025-10-02 21:46:33,240 - INFO - \U0001f4ca Обработано 1200 записей...
2025-10-02 21:46:33,310 - INFO - \U0001f4ca Обработано 1300 записей...
2025-10-02 21:46:33,380 - INFO - \U0001f4ca Обработано 1400 записей...
2025-10-02 21:46:33,450 - INFO - \U0001f4ca Обработано 1500 записей...
2025-10-02 21:46:33,521 - INFO - \U0001f4ca Обработано 1600 записей...
2025-10-02 21:46:33,580 - INFO - \U0001f4ca Обработано 1700 записей...
2025-10-02 21:46:33,650 - INFO - \U0001f4ca Обработано 1800 записей...
2025-10-02 21:46:33,710 - INFO - \U0001f4ca Обработано 1900 записей...
2025-10-02 21:46:33,790 - INFO - \U0001f4ca Обработано 2000 записей...
2025-10-02 21:46:33,851 - INFO - \U0001f4ca Обработано 2100 записей...
2025-10-02 21:46:33,920 - INFO - \U0001f4ca Обработано 2200 записей...
2025-10-02 21:46:33,980 - INFO - \U0001f4ca Обработано 2300 записей...
2025-10-02 21:46:34,040 - INFO - \U0001f4ca Обработано 2400 записей...
2025-10-02 21:46:34,117 - INFO - \U0001f4ca Обработано 2500 записей...
2025-10-02 21:46:34,180 - INFO - \U0001f4ca Обработано 2600 записей...
2025-10-02 21:46:34,250 - INFO - \U0001f4ca Обработано 2700 записей...
2025-10-02 21:46:34,311 - INFO - \U0001f4ca Обработано 2800 записей...
2025-10-02 21:46:34,385 - INFO - \U0001f4ca Обработано 2900 записей...
2025-10-02 21:46:34,451 - INFO - \U0001f4ca Обработано 3000 записей...
2025-10-02 21:46:34,511 - INFO - \U0001f4ca Обработано 3100 записей...
2025-10-02 21:46:34,580 - INFO - \U0001f4ca Обработано 3200 записей...
2025-10-02 21:46:34,655 - INFO - \U0001f4ca Обработано 3300 записей...
2025-10-02 21:46:34,721 - INFO - \U0001f4ca Обработано 3400 записей...
2025-10-02 21:46:34,780 - INFO - \U0001f4ca Обработано 3500 записей...
2025-10-02 21:46:34,850 - INFO - \U0001f4ca Обработано 3600 записей...
2025-10-02 21:46:34,911 - INFO - \U0001f4ca Обработано 3700 записей...
2025-10-02 21:46:34,980 - INFO - \U0001f4ca Обработано 3800 записей...
2025-10-02 21:46:35,041 - INFO - \U0001f4ca Обработано 3900 записей...
2025-10-02 21:46:35,111 - INFO - \U0001f4ca Обработано 4000 записей...
2025-10-02 21:46:35,182 - INFO - \U0001f4ca Обработано 4100 записей...
2025-10-02 21:46:35,240 - INFO - \U0001f4ca Обработано 4200 записей...
2025-10-02 21:46:35,310 - INFO - \U0001f4ca Обработано 4300 записей...
2025-10-02 21:46:35,381 - INFO - \U0001f4ca Обработано 4400 записей...
2025-10-02 21:46:35,450 - INFO - \U0001f4ca Обработано 4500 записей...
2025-10-02 21:46:35,510 - INFO - \U0001f4ca Обработано 4600 записей...
2025-10-02 21:46:35,580 - INFO - \U0001f4ca Обработано 4700 записей...
2025-10-02 21:46:35,650 - INFO - \U0001f4ca Обработано 4800 записей...
2025-10-02 21:46:35,720 - INFO - \U0001f4ca Обработано 4900 записей...
2025-10-02 21:46:35,786 - INFO - \U0001f4ca Обработано 5000 записей...
2025-10-02 21:46:35,850 - INFO - \U0001f4ca Обработано 5100 записей...
2025-10-02 21:46:35,910 - INFO - \U0001f4ca Обработано 5200 записей...
2025-10-02 21:46:35,980 - INFO - \U0001f4ca Обработано 5300 записей...
2025-10-02 21:46:36,051 - INFO - \U0001f4ca Обработано 5400 записей...
2025-10-02 21:46:36,121 - INFO - \U0001f4ca Обработано 5500 записей...
2025-10-02 21:46:36,180 - INFO - \U0001f4ca Обработано 5600 записей...
2025-10-02 21:46:36,251 - INFO - \U0001f4ca Обработано 5700 записей...
2025-10-02 21:46:36,315 - INFO - \U0001f4ca Обработано 5800 записей...
2025-10-02 21:46:36,375 - INFO - \U0001f4ca Обработано 5900 записей...
2025-10-02 21:46:36,440 - INFO - \U0001f4ca Обработано 6000 записей...
2025-10-02 21:46:36,510 - INFO - \U0001f4ca Обработано 6100 записей...
2025-10-02 21:46:36,570 - INFO - \U0001f4ca Обработано 6200 записей...
2025-10-02 21:46:36,641 - INFO - \U0001f4ca Обработано 6300 записей...
2025-10-02 21:46:36,710 - INFO - \U0001f4ca Обработано 6400 записей...
2025-10-02 21:46:36,780 - INFO - \U0001f4ca Обработано 6500 записей...
2025-10-02 21:46:36,841 - INFO - \U0001f4ca Обработано 6600 записей...
2025-10-02 21:46:36,911 - INFO - \U0001f4ca Обработано 6700 записей...
2025-10-02 21:46:36,981 - INFO - \U0001f4ca Обработано 6800 записей...
2025-10-02 21:46:37,051 - INFO - \U0001f4ca Обработано 6900 записей...
2025-10-02 21:46:37,110 - INFO - \U0001f4ca Обработано 7000 записей...
2025-10-02 21:46:37,180 - INFO - \U0001f4ca Обработано 7100 записей...
2025-10-02 21:46:37,241 - INFO - \U0001f4ca Обработано 7200 записей...
2025-10-02 21:46:37,310 - INFO - \U0001f4ca Обработано 7300 записей...
2025-10-02 21:46:37,380 - INFO - \U0001f4ca Обработано 7400 записей...
2025-10-02 21:46:37,450 - INFO - \U0001f4ca Обработано 7500 записей...
2025-10-02 21:46:37,520 - INFO - \U0001f4ca Обработано 7600 записей...
2025-10-02 21:46:37,580 - INFO - \U0001f4ca Обработано 7700 записей...
2025-10-02 21:46:37,646 - INFO - \U0001f4ca Обработано 7800 записей...
2025-10-02 21:46:37,710 - INFO - \U0001f4ca Обработано 7900 записей...
2025-10-02 21:46:37,781 - INFO - \U0001f4ca Обработано 8000 записей...
2025-10-02 21:46:37,843 - INFO - \U0001f4ca Обработано 8100 записей...
2025-10-02 21:46:37,910 - INFO - \U0001f4ca Обработано 8200 записей...
2025-10-02 21:46:37,980 - INFO - \U0001f4ca Обработано 8300 записей...
2025-10-02 21:46:38,050 - INFO - \U0001f4ca Обработано 8400 записей...
2025-10-02 21:46:38,122 - INFO - \U0001f4ca Обработано 8500 записей...
2025-10-02 21:46:38,360 - INFO - \U0001f4ca Обработано 8600 записей...
2025-10-02 21:46:38,415 - INFO - \U0001f4ca Обработано 8700 записей...
2025-10-02 21:46:38,480 - INFO - \U0001f4ca Обработано 8800 записей...
2025-10-02 21:46:38,571 - INFO - \U0001f4ca Обработано 8900 записей...
2025-10-02 21:46:38,641 - INFO - \U0001f4ca Обработано 9000 записей...
2025-10-02 21:46:38,720 - INFO - \U0001f4ca Обработано 9100 записей...
2025-10-02 21:46:38,801 - INFO - \U0001f4ca Обработано 9200 записей...
2025-10-02 21:46:38,898 - INFO - \U0001f4ca Обработано 9300 записей...
2025-10-02 21:46:38,960 - INFO - \U0001f4ca Обработано 9400 записей...
2025-10-02 21:46:39,041 - INFO - \U0001f4ca Обработано 9500 записей...
2025-10-02 21:46:39,120 - INFO - \U0001f4ca Обработано 9600 записей...
2025-10-02 21:46:39,220 - INFO - \U0001f4ca Обработано 9700 записей...
2025-10-02 21:46:39,301 - INFO - \U0001f4ca Обработано 9800 записей...
2025-10-02 21:46:39,390 - INFO - \U0001f4ca Обработано 9900 записей...
2025-10-02 21:46:39,470 - INFO - \U0001f4ca Обработано 10000 записей...
2025-10-02 21:46:39,470 - INFO - \u2705 Обновлено 9998 записей с регионами вылета.
2025-10-02 21:46:39,470 - INFO - \u274c Не найдено регионов для 2 записей.
2025-10-02 21:46:39,470 - INFO - \U0001f4ca Запуск расчета метрик...
2025-10-02 21:46:40,070 - INFO - \u2705 Метрики рассчитаны для 88 регионов
2025-10-02 21:46:40,070 - INFO - \u2705 Метрики рассчитаны для 88 регионов
2025-10-02 21:46:40,070 - INFO - 
============================================================
2025-10-02 21:46:40,070 - INFO - \U0001f4ca ИТОГОВАЯ СТАТИСТИКА
2025-10-02 21:46:40,070 - INFO - ============================================================
2025-10-02 21:46:40,070 - INFO - Всего обработано записей: 76902
2025-10-02 21:46:40,070 - INFO - Успешно загружено в БД: 76902
2025-10-02 21:46:40,070 - INFO - Корректные координаты вылета: 75492
2025-10-02 21:46:40,070 - INFO - Корректные координаты посадки: 75450
2025-10-02 21:46:40,070 - INFO - Исправлено координат: 51
2025-10-02 21:46:40,070 - INFO - \u23f1 Время выполнения: 74.52 секунд
2025-10-02 21:46:40,070 - INFO - ============================================================
2025-10-02 21:46:40,070 - INFO - 
\U0001f4ca Статистика по регионам:
2025-10-02 21:46:40,085 - INFO - \U0001f4c8 Всего записей с координатами: 75492
2025-10-02 21:46:40,090 - INFO - \U0001f4c8 Записей с определенными регионами: 9998
2025-10-02 21:46:40,101 - INFO - \U0001f4c8 Записей без определенных регионов: 65494
2025-10-02 21:46:40,105 - INFO - \u250c\u2500\u2500\u2500\u2500\u2500\u2500\u2500\u2500\u2500\u2500\u2500\u2500\u2500\u2500\u2500\u2500\u2500\u2500\u2500\u2500\u2500\u2500\u2500\u2500\u2500\u2500\u2500\u2500\u2500\u2500\u2500\u2500\u252c\u2500\u2500\u2500\u2500\u2500\u2500\u2500\u2500\u2500\u2500\u2500\u2500\u2500\u2500\u2510
2025-10-02 21:46:40,105 - INFO - \u2502 Регион                         \u2502 Кол-во полётов \u2502
2025-10-02 21:46:40,105 - INFO - \u251c\u2500\u2500\u2500\u2500\u2500\u2500\u2500\u2500\u2500\u2500\u2500\u2500\u2500\u2500\u2500\u2500\u2500\u2500\u2500\u2500\u2500\u2500\u2500\u2500\u2500\u2500\u2500\u2500\u2500\u2500\u2500\u2500\u253c\u2500\u2500\u2500\u2500\u2500\u2500\u2500\u2500\u2500\u2500\u2500\u2500\u2500\u2500\u2524
2025-10-02 21:46:40,105 - INFO - \u2502 Ханты-Мансийский автономный ок... \u2502         2474 \u2502
2025-10-02 21:46:40,105 - INFO - \u2502 Ямало-Ненецкий автономный окру... \u2502         1075 \u2502
2025-10-02 21:46:40,105 - INFO - \u2502 Московская область             \u2502          809 \u2502
2025-10-02 21:46:40,105 - INFO - \u2502 Республика Коми                \u2502          632 \u2502
2025-10-02 21:46:40,105 - INFO - \u2502 Удмуртия                       \u2502          551 \u2502
2025-10-02 21:46:40,105 - INFO - \u2502 Татарстан                      \u2502          366 \u2502
2025-10-02 21:46:40,105 - INFO - \u2502 Ленинградская область          \u2502          309 \u2502
2025-10-02 21:46:40,105 - INFO - \u2502 Тверская область               \u2502          269 \u2502
2025-10-02 21:46:40,105 - INFO - \u2502 Новосибирская область          \u2502          214 \u2502
2025-10-02 21:46:40,105 - INFO - \u2502 Москва                         \u2502          208 \u2502
2025-10-02 21:46:40,105 - INFO - \u2502 Самарская область              \u2502          200 \u2502
2025-10-02 21:46:40,105 - INFO - \u2502 Тюменская область              \u2502          196 \u2502
2025-10-02 21:46:40,105 - INFO - \u2502 Сахалинская область            \u2502          185 \u2502
2025-10-02 21:46:40,105 - INFO - \u2502 Дагестан                       \u2502          183 \u2502
2025-10-02 21:46:40,105 - INFO - \u2502 Свердловская область           \u2502          132 \u2502
2025-10-02 21:46:40,105 - INFO - \u2502 Ставропольский край            \u2502          128 \u2502
2025-10-02 21:46:40,105 - INFO - \u2502 Смоленская область             \u2502          120 \u2502
2025-10-02 21:46:40,105 - INFO - \u2502 Астраханская область           \u2502          108 \u2502
2025-10-02 21:46:40,105 - INFO - \u2502 Красноярский край              \u2502          107 \u2502
2025-10-02 21:46:40,105 - INFO - \u2502 Нижегородская область          \u2502           96 \u2502
2025-10-02 21:46:40,105 - INFO - \u2514\u2500\u2500\u2500\u2500\u2500\u2500\u2500\u2500\u2500\u2500\u2500\u2500\u2500\u2500\u2500\u2500\u2500\u2500\u2500\u2500\u2500\u2500\u2500\u2500\u2500\u2500\u2500\u2500\u2500\u2500\u2500\u2500\u2534\u2500\u2500\u2500\u2500\u2500\u2500\u2500\u2500\u2500\u2500\u2500\u2500\u2500\u2500\u2518
2025-10-02 21:46:40,105 - INFO - \U0001f389 Обработка завершена!
2025-10-02 21:46:40,465 - INFO - \u2705 Метрики рассчитаны для 88 регионов
2025-10-02 21:59:36,640 - INFO - Загружена последняя карта из кэша
2025-10-02 21:59:36,868 - INFO - Загружена последняя карта из кэша
2025-10-02 21:59:37,462 - INFO - Загружена последняя карта из кэша
2025-10-02 21:59:47,271 - INFO - \u2705 Подключение к БД успешно.
2025-10-02 21:59:47,281 - INFO - \U0001f504 Схема изменилась — пересоздаём таблицу...
2025-10-02 21:59:47,310 - INFO - \u2705 Таблица 'flights' пересоздана.
2025-10-02 21:59:55,241 - INFO - \u2705 Файл Excel загружен: 76902 записей
2025-10-02 21:59:55,241 - INFO - \u26a0\ufe0f  Столбец 'Центр ЕС ОрВД' не распознан, будет пропущен.
2025-10-02 21:59:55,241 - INFO - 
\U0001f504 Начинаем обработку 76902 записей...
2025-10-02 21:59:55,996 - INFO - \U0001f4ca Обработано 1000 записей...
2025-10-02 21:59:56,690 - INFO - \U0001f4ca Обработано 2000 записей...
2025-10-02 21:59:57,471 - INFO - \U0001f4ca Обработано 3000 записей...
2025-10-02 21:59:58,221 - INFO - \U0001f4ca Обработано 4000 записей...
2025-10-02 21:59:58,991 - INFO - \U0001f4ca Обработано 5000 записей...
2025-10-02 21:59:59,750 - INFO - \U0001f4ca Обработано 6000 записей...
2025-10-02 22:00:00,454 - INFO - \U0001f4ca Обработано 7000 записей...
2025-10-02 22:00:01,191 - INFO - \U0001f4ca Обработано 8000 записей...
2025-10-02 22:00:02,206 - INFO - \U0001f4ca Обработано 9000 записей...
2025-10-02 22:00:02,870 - INFO - \U0001f4ca Обработано 10000 записей...
2025-10-02 22:00:03,605 - INFO - \U0001f4ca Обработано 11000 записей...
2025-10-02 22:00:04,340 - INFO - \U0001f4ca Обработано 12000 записей...
2025-10-02 22:00:05,010 - INFO - \U0001f4ca Обработано 13000 записей...
2025-10-02 22:00:05,678 - INFO - \U0001f4ca Обработано 14000 записей...
2025-10-02 22:00:06,322 - INFO - \U0001f4ca Обработано 15000 записей...
2025-10-02 22:00:06,940 - INFO - \U0001f4ca Обработано 16000 записей...
2025-10-02 22:00:07,611 - INFO - \U0001f4ca Обработано 17000 записей...
2025-10-02 22:00:08,301 - INFO - \U0001f4ca Обработано 18000 записей...
2025-10-02 22:00:08,930 - INFO - \U0001f4ca Обработано 19000 записей...
2025-10-02 22:00:09,530 - INFO - \U0001f4ca Обработано 20000 записей...
2025-10-02 22:00:10,186 - INFO - \U0001f4ca Обработано 21000 записей...
2025-10-02 22:00:11,187 - INFO - \U0001f4ca Обработано 22000 записей...
2025-10-02 22:00:12,612 - INFO - \U0001f4ca Обработано 23000 записей...
2025-10-02 22:00:14,135 - INFO - \U0001f4ca Обработано 24000 записей...
2025-10-02 22:00:15,034 - INFO - \U0001f4ca Обработано 25000 записей...
2025-10-02 22:00:16,143 - INFO - \U0001f4ca Обработано 26000 записей...
2025-10-02 22:00:16,831 - INFO - \U0001f4ca Обработано 27000 записей...
2025-10-02 22:00:17,725 - INFO - \U0001f4ca Обработано 28000 записей...
2025-10-02 22:00:18,350 - INFO - \U0001f4ca Обработано 29000 записей...
2025-10-02 22:00:19,018 - INFO - \U0001f4ca Обработано 30000 записей...
2025-10-02 22:00:19,698 - INFO - \U0001f4ca Обработано 31000 записей...
2025-10-02 22:00:20,332 - INFO - \U0001f4ca Обработано 32000 записей...
2025-10-02 22:00:20,972 - INFO - \U0001f4ca Обработано 33000 записей...
2025-10-02 22:00:21,616 - INFO - \U0001f4ca Обработано 34000 записей...
2025-10-02 22:00:22,285 - INFO - \U0001f4ca Обработано 35000 записей...
2025-10-02 22:00:22,982 - INFO - \U0001f4ca Обработано 36000 записей...
2025-10-02 22:00:23,625 - INFO - \U0001f4ca Обработано 37000 записей...
2025-10-02 22:00:24,262 - INFO - \U0001f4ca Обработано 38000 записей...
2025-10-02 22:00:24,894 - INFO - \U0001f4ca Обработано 39000 записей...
2025-10-02 22:00:25,563 - INFO - \U0001f4ca Обработано 40000 записей...
2025-10-02 22:00:26,215 - INFO - \U0001f4ca Обработано 41000 записей...
2025-10-02 22:00:27,322 - INFO - \U0001f4ca Обработано 42000 записей...
2025-10-02 22:00:27,966 - INFO - \U0001f4ca Обработано 43000 записей...
2025-10-02 22:00:29,094 - INFO - \U0001f4ca Обработано 44000 записей...
2025-10-02 22:00:29,779 - INFO - \U0001f4ca Обработано 45000 записей...
2025-10-02 22:00:30,598 - INFO - \U0001f4ca Обработано 46000 записей...
2025-10-02 22:00:31,280 - INFO - \U0001f4ca Обработано 47000 записей...
2025-10-02 22:00:31,921 - INFO - \U0001f4ca Обработано 48000 записей...
2025-10-02 22:00:32,565 - INFO - \U0001f4ca Обработано 49000 записей...
2025-10-02 22:00:33,171 - INFO - \U0001f4ca Обработано 50000 записей...
2025-10-02 22:00:33,853 - INFO - \U0001f4ca Обработано 51000 записей...
2025-10-02 22:00:34,540 - INFO - \U0001f4ca Обработано 52000 записей...
2025-10-02 22:00:35,200 - INFO - \U0001f4ca Обработано 53000 записей...
2025-10-02 22:00:35,897 - INFO - \U0001f4ca Обработано 54000 записей...
2025-10-02 22:00:36,784 - INFO - \U0001f4ca Обработано 55000 записей...
2025-10-02 22:00:37,458 - INFO - \U0001f4ca Обработано 56000 записей...
2025-10-02 22:00:38,298 - INFO - \U0001f4ca Обработано 57000 записей...
2025-10-02 22:00:39,067 - INFO - \U0001f4ca Обработано 58000 записей...
2025-10-02 22:00:40,165 - INFO - \U0001f4ca Обработано 59000 записей...
2025-10-02 22:00:40,917 - INFO - \U0001f4ca Обработано 60000 записей...
2025-10-02 22:00:41,622 - INFO - \U0001f4ca Обработано 61000 записей...
2025-10-02 22:00:42,656 - INFO - \U0001f4ca Обработано 62000 записей...
2025-10-02 22:00:43,440 - INFO - \U0001f4ca Обработано 63000 записей...
2025-10-02 22:00:44,078 - INFO - \U0001f4ca Обработано 64000 записей...
2025-10-02 22:00:44,679 - INFO - \U0001f4ca Обработано 65000 записей...
2025-10-02 22:00:45,642 - INFO - \U0001f4ca Обработано 66000 записей...
2025-10-02 22:00:46,265 - INFO - \U0001f4ca Обработано 67000 записей...
2025-10-02 22:00:46,905 - INFO - \U0001f4ca Обработано 68000 записей...
2025-10-02 22:00:47,592 - INFO - \U0001f4ca Обработано 69000 записей...
2025-10-02 22:00:48,373 - INFO - \U0001f4ca Обработано 70000 записей...
2025-10-02 22:00:48,977 - INFO - \U0001f4ca Обработано 71000 записей...
2025-10-02 22:00:49,664 - INFO - \U0001f4ca Обработано 72000 записей...
2025-10-02 22:00:50,460 - INFO - \U0001f4ca Обработано 73000 записей...
2025-10-02 22:00:51,069 - INFO - \U0001f4ca Обработано 74000 записей...
2025-10-02 22:00:51,933 - INFO - \U0001f4ca Обработано 75000 записей...
2025-10-02 22:00:52,600 - INFO - \U0001f4ca Обработано 76000 записей...
2025-10-02 22:00:53,194 - INFO - \u2705 Найден GeoJSON файл: uploads\russia_regions.geojson
2025-10-02 22:00:53,194 - INFO - \U0001f30d Определение регионов вылета по координатам (GeoJSON)...
2025-10-02 22:01:00,791 - INFO - \u2705 Загружено 88 регионов из GeoJSON: russia_regions.geojson
2025-10-02 22:01:00,802 - INFO - \U0001f50d Найдено 10000 записей с координатами для обработки...
2025-10-02 22:01:00,903 - INFO - \U0001f4ca Обработано 100 записей...
2025-10-02 22:01:01,001 - INFO - \U0001f4ca Обработано 200 записей...
2025-10-02 22:01:01,071 - INFO - \U0001f4ca Обработано 300 записей...
2025-10-02 22:01:01,160 - INFO - \U0001f4ca Обработано 400 записей...
2025-10-02 22:01:01,230 - INFO - \U0001f4ca Обработано 500 записей...
2025-10-02 22:01:01,304 - INFO - \U0001f4ca Обработано 600 записей...
2025-10-02 22:01:01,390 - INFO - \U0001f4ca Обработано 700 записей...
2025-10-02 22:01:01,470 - INFO - \U0001f4ca Обработано 800 записей...
2025-10-02 22:01:01,540 - INFO - \U0001f4ca Обработано 900 записей...
2025-10-02 22:01:01,621 - INFO - \U0001f4ca Обработано 1000 записей...
2025-10-02 22:01:01,701 - INFO - \U0001f4ca Обработано 1100 записей...
2025-10-02 22:01:01,780 - INFO - \U0001f4ca Обработано 1200 записей...
2025-10-02 22:01:01,889 - INFO - \U0001f4ca Обработано 1300 записей...
2025-10-02 22:01:02,125 - INFO - \U0001f4ca Обработано 1400 записей...
2025-10-02 22:01:02,206 - INFO - \U0001f4ca Обработано 1500 записей...
2025-10-02 22:01:02,281 - INFO - \U0001f4ca Обработано 1600 записей...
2025-10-02 22:01:02,350 - INFO - \U0001f4ca Обработано 1700 записей...
2025-10-02 22:01:02,421 - INFO - \U0001f4ca Обработано 1800 записей...
2025-10-02 22:01:02,506 - INFO - \U0001f4ca Обработано 1900 записей...
2025-10-02 22:01:02,687 - INFO - \U0001f4ca Обработано 2000 записей...
2025-10-02 22:01:02,880 - INFO - \U0001f4ca Обработано 2100 записей...
2025-10-02 22:01:02,952 - INFO - \U0001f4ca Обработано 2200 записей...
2025-10-02 22:01:03,040 - INFO - \U0001f4ca Обработано 2300 записей...
2025-10-02 22:01:03,125 - INFO - \U0001f4ca Обработано 2400 записей...
2025-10-02 22:01:03,203 - INFO - \U0001f4ca Обработано 2500 записей...
2025-10-02 22:01:03,270 - INFO - \U0001f4ca Обработано 2600 записей...
2025-10-02 22:01:03,361 - INFO - \U0001f4ca Обработано 2700 записей...
2025-10-02 22:01:03,441 - INFO - \U0001f4ca Обработано 2800 записей...
2025-10-02 22:01:03,541 - INFO - \U0001f4ca Обработано 2900 записей...
2025-10-02 22:01:03,641 - INFO - \U0001f4ca Обработано 3000 записей...
2025-10-02 22:01:03,722 - INFO - \U0001f4ca Обработано 3100 записей...
2025-10-02 22:01:03,810 - INFO - \U0001f4ca Обработано 3200 записей...
2025-10-02 22:01:03,893 - INFO - \U0001f4ca Обработано 3300 записей...
2025-10-02 22:01:03,960 - INFO - \U0001f4ca Обработано 3400 записей...
2025-10-02 22:01:04,051 - INFO - \U0001f4ca Обработано 3500 записей...
2025-10-02 22:01:04,130 - INFO - \U0001f4ca Обработано 3600 записей...
2025-10-02 22:01:04,206 - INFO - \U0001f4ca Обработано 3700 записей...
2025-10-02 22:01:04,278 - INFO - \U0001f4ca Обработано 3800 записей...
2025-10-02 22:01:04,375 - INFO - \U0001f4ca Обработано 3900 записей...
2025-10-02 22:01:04,460 - INFO - \U0001f4ca Обработано 4000 записей...
2025-10-02 22:01:04,540 - INFO - \U0001f4ca Обработано 4100 записей...
2025-10-02 22:01:04,608 - INFO - \U0001f4ca Обработано 4200 записей...
2025-10-02 22:01:04,670 - INFO - \U0001f4ca Обработано 4300 записей...
2025-10-02 22:01:04,733 - INFO - \U0001f4ca Обработано 4400 записей...
2025-10-02 22:01:04,795 - INFO - \U0001f4ca Обработано 4500 записей...
2025-10-02 22:01:04,852 - INFO - \U0001f4ca Обработано 4600 записей...
2025-10-02 22:01:04,910 - INFO - \U0001f4ca Обработано 4700 записей...
2025-10-02 22:01:04,972 - INFO - \U0001f4ca Обработано 4800 записей...
2025-10-02 22:01:05,030 - INFO - \U0001f4ca Обработано 4900 записей...
2025-10-02 22:01:05,117 - INFO - \U0001f4ca Обработано 5000 записей...
2025-10-02 22:01:05,180 - INFO - \U0001f4ca Обработано 5100 записей...
2025-10-02 22:01:05,240 - INFO - \U0001f4ca Обработано 5200 записей...
2025-10-02 22:01:05,330 - INFO - \U0001f4ca Обработано 5300 записей...
2025-10-02 22:01:05,420 - INFO - \U0001f4ca Обработано 5400 записей...
2025-10-02 22:01:05,500 - INFO - \U0001f4ca Обработано 5500 записей...
2025-10-02 22:01:05,618 - INFO - \U0001f4ca Обработано 5600 записей...
2025-10-02 22:01:05,720 - INFO - \U0001f4ca Обработано 5700 записей...
2025-10-02 22:01:05,811 - INFO - \U0001f4ca Обработано 5800 записей...
2025-10-02 22:01:05,980 - INFO - \U0001f4ca Обработано 5900 записей...
2025-10-02 22:01:06,091 - INFO - \U0001f4ca Обработано 6000 записей...
2025-10-02 22:01:06,170 - INFO - \U0001f4ca Обработано 6100 записей...
2025-10-02 22:01:06,229 - INFO - \U0001f4ca Обработано 6200 записей...
2025-10-02 22:01:06,285 - INFO - \U0001f4ca Обработано 6300 записей...
2025-10-02 22:01:06,340 - INFO - \U0001f4ca Обработано 6400 записей...
2025-10-02 22:01:06,406 - INFO - \U0001f4ca Обработано 6500 записей...
2025-10-02 22:01:06,470 - INFO - \U0001f4ca Обработано 6600 записей...
2025-10-02 22:01:06,530 - INFO - \U0001f4ca Обработано 6700 записей...
2025-10-02 22:01:06,610 - INFO - \U0001f4ca Обработано 6800 записей...
2025-10-02 22:01:06,815 - INFO - \U0001f4ca Обработано 6900 записей...
2025-10-02 22:01:06,962 - INFO - \U0001f4ca Обработано 7000 записей...
2025-10-02 22:01:07,045 - INFO - \U0001f4ca Обработано 7100 записей...
2025-10-02 22:01:07,141 - INFO - \U0001f4ca Обработано 7200 записей...
2025-10-02 22:01:07,289 - INFO - \U0001f4ca Обработано 7300 записей...
2025-10-02 22:01:07,422 - INFO - \U0001f4ca Обработано 7400 записей...
2025-10-02 22:01:07,526 - INFO - \U0001f4ca Обработано 7500 записей...
2025-10-02 22:01:07,610 - INFO - \U0001f4ca Обработано 7600 записей...
2025-10-02 22:01:07,684 - INFO - \U0001f4ca Обработано 7700 записей...
2025-10-02 22:01:07,745 - INFO - \U0001f4ca Обработано 7800 записей...
2025-10-02 22:01:07,823 - INFO - \U0001f4ca Обработано 7900 записей...
2025-10-02 22:01:07,880 - INFO - \U0001f4ca Обработано 8000 записей...
2025-10-02 22:01:07,931 - INFO - \U0001f4ca Обработано 8100 записей...
2025-10-02 22:01:08,039 - INFO - \U0001f4ca Обработано 8200 записей...
2025-10-02 22:01:08,294 - INFO - \U0001f4ca Обработано 8300 записей...
2025-10-02 22:01:08,465 - INFO - \U0001f4ca Обработано 8400 записей...
2025-10-02 22:01:08,536 - INFO - \U0001f4ca Обработано 8500 записей...
2025-10-02 22:01:08,608 - INFO - \U0001f4ca Обработано 8600 записей...
2025-10-02 22:01:08,680 - INFO - \U0001f4ca Обработано 8700 записей...
2025-10-02 22:01:08,748 - INFO - \U0001f4ca Обработано 8800 записей...
2025-10-02 22:01:08,845 - INFO - \U0001f4ca Обработано 8900 записей...
2025-10-02 22:01:08,937 - INFO - \U0001f4ca Обработано 9000 записей...
2025-10-02 22:01:09,035 - INFO - \U0001f4ca Обработано 9100 записей...
2025-10-02 22:01:09,202 - INFO - \U0001f4ca Обработано 9200 записей...
2025-10-02 22:01:09,303 - INFO - \U0001f4ca Обработано 9300 записей...
2025-10-02 22:01:09,377 - INFO - \U0001f4ca Обработано 9400 записей...
2025-10-02 22:01:09,446 - INFO - \U0001f4ca Обработано 9500 записей...
2025-10-02 22:01:09,507 - INFO - \U0001f4ca Обработано 9600 записей...
2025-10-02 22:01:09,579 - INFO - \U0001f4ca Обработано 9700 записей...
2025-10-02 22:01:09,646 - INFO - \U0001f4ca Обработано 9800 записей...
2025-10-02 22:01:09,705 - INFO - \U0001f4ca Обработано 9900 записей...
2025-10-02 22:01:09,772 - INFO - \U0001f4ca Обработано 10000 записей...
2025-10-02 22:01:09,773 - INFO - \u2705 Обновлено 9998 записей с регионами вылета.
2025-10-02 22:01:09,773 - INFO - \u274c Не найдено регионов для 2 записей.
2025-10-02 22:01:09,774 - INFO - \U0001f4ca Запуск расчета метрик...
2025-10-02 22:01:10,619 - INFO - \u2705 Метрики рассчитаны для 88 регионов
2025-10-02 22:01:10,619 - INFO - \u2705 Метрики рассчитаны для 88 регионов
2025-10-02 22:01:10,619 - INFO - 
============================================================
2025-10-02 22:01:10,619 - INFO - \U0001f4ca ИТОГОВАЯ СТАТИСТИКА
2025-10-02 22:01:10,619 - INFO - ============================================================
2025-10-02 22:01:10,619 - INFO - Всего обработано записей: 76902
2025-10-02 22:01:10,619 - INFO - Успешно загружено в БД: 76902
2025-10-02 22:01:10,619 - INFO - Корректные координаты вылета: 75492
2025-10-02 22:01:10,619 - INFO - Корректные координаты посадки: 75450
2025-10-02 22:01:10,619 - INFO - Исправлено координат: 51
2025-10-02 22:01:10,619 - INFO - \u23f1 Время выполнения: 83.40 секунд
2025-10-02 22:01:10,619 - INFO - ============================================================
2025-10-02 22:01:10,619 - INFO - 
\U0001f4ca Статистика по регионам:
2025-10-02 22:01:10,640 - INFO - \U0001f4c8 Всего записей с координатами: 75492
2025-10-02 22:01:10,653 - INFO - \U0001f4c8 Записей с определенными регионами: 9998
2025-10-02 22:01:10,668 - INFO - \U0001f4c8 Записей без определенных регионов: 65494
2025-10-02 22:01:10,682 - INFO - \u250c\u2500\u2500\u2500\u2500\u2500\u2500\u2500\u2500\u2500\u2500\u2500\u2500\u2500\u2500\u2500\u2500\u2500\u2500\u2500\u2500\u2500\u2500\u2500\u2500\u2500\u2500\u2500\u2500\u2500\u2500\u2500\u2500\u252c\u2500\u2500\u2500\u2500\u2500\u2500\u2500\u2500\u2500\u2500\u2500\u2500\u2500\u2500\u2510
2025-10-02 22:01:10,682 - INFO - \u2502 Регион                         \u2502 Кол-во полётов \u2502
2025-10-02 22:01:10,682 - INFO - \u251c\u2500\u2500\u2500\u2500\u2500\u2500\u2500\u2500\u2500\u2500\u2500\u2500\u2500\u2500\u2500\u2500\u2500\u2500\u2500\u2500\u2500\u2500\u2500\u2500\u2500\u2500\u2500\u2500\u2500\u2500\u2500\u2500\u253c\u2500\u2500\u2500\u2500\u2500\u2500\u2500\u2500\u2500\u2500\u2500\u2500\u2500\u2500\u2524
2025-10-02 22:01:10,682 - INFO - \u2502 Ханты-Мансийский автономный ок... \u2502         2474 \u2502
2025-10-02 22:01:10,682 - INFO - \u2502 Ямало-Ненецкий автономный окру... \u2502         1075 \u2502
2025-10-02 22:01:10,682 - INFO - \u2502 Московская область             \u2502          809 \u2502
2025-10-02 22:01:10,682 - INFO - \u2502 Республика Коми                \u2502          632 \u2502
2025-10-02 22:01:10,682 - INFO - \u2502 Удмуртия                       \u2502          551 \u2502
2025-10-02 22:01:10,682 - INFO - \u2502 Татарстан                      \u2502          366 \u2502
2025-10-02 22:01:10,682 - INFO - \u2502 Ленинградская область          \u2502          309 \u2502
2025-10-02 22:01:10,682 - INFO - \u2502 Тверская область               \u2502          269 \u2502
2025-10-02 22:01:10,682 - INFO - \u2502 Новосибирская область          \u2502          214 \u2502
2025-10-02 22:01:10,682 - INFO - \u2502 Москва                         \u2502          208 \u2502
2025-10-02 22:01:10,683 - INFO - \u2502 Самарская область              \u2502          200 \u2502
2025-10-02 22:01:10,683 - INFO - \u2502 Тюменская область              \u2502          196 \u2502
2025-10-02 22:01:10,683 - INFO - \u2502 Сахалинская область            \u2502          185 \u2502
2025-10-02 22:01:10,683 - INFO - \u2502 Дагестан                       \u2502          183 \u2502
2025-10-02 22:01:10,683 - INFO - \u2502 Свердловская область           \u2502          132 \u2502
2025-10-02 22:01:10,683 - INFO - \u2502 Ставропольский край            \u2502          128 \u2502
2025-10-02 22:01:10,683 - INFO - \u2502 Смоленская область             \u2502          120 \u2502
2025-10-02 22:01:10,683 - INFO - \u2502 Астраханская область           \u2502          108 \u2502
2025-10-02 22:01:10,683 - INFO - \u2502 Красноярский край              \u2502          107 \u2502
2025-10-02 22:01:10,683 - INFO - \u2502 Нижегородская область          \u2502           96 \u2502
2025-10-02 22:01:10,683 - INFO - \u2514\u2500\u2500\u2500\u2500\u2500\u2500\u2500\u2500\u2500\u2500\u2500\u2500\u2500\u2500\u2500\u2500\u2500\u2500\u2500\u2500\u2500\u2500\u2500\u2500\u2500\u2500\u2500\u2500\u2500\u2500\u2500\u2500\u2534\u2500\u2500\u2500\u2500\u2500\u2500\u2500\u2500\u2500\u2500\u2500\u2500\u2500\u2500\u2518
2025-10-02 22:01:10,683 - INFO - \U0001f389 Обработка завершена!
2025-10-02 22:01:11,218 - INFO - \u2705 Метрики рассчитаны для 88 регионов
2025-10-02 22:04:08,257 - INFO - \u2705 Метрики рассчитаны для 88 регионов
2025-10-02 22:04:25,205 - INFO - Загружена последняя карта из кэша
2025-10-02 22:10:42,489 - INFO - Загружена последняя карта из кэша
2025-10-02 22:10:42,698 - INFO - Загружена последняя карта из кэша
2025-10-02 22:10:43,181 - INFO - Загружена последняя карта из кэша
2025-10-02 22:19:34,333 - INFO - Загружена последняя карта из кэша
2025-10-02 22:19:34,565 - INFO - Загружена последняя карта из кэша
2025-10-02 22:19:35,087 - INFO - Загружена последняя карта из кэша
